GROUP,PACKAGE,CLASS,INSTRUCTION_MISSED,INSTRUCTION_COVERED,BRANCH_MISSED,BRANCH_COVERED,LINE_MISSED,LINE_COVERED,COMPLEXITY_MISSED,COMPLEXITY_COVERED,METHOD_MISSED,METHOD_COVERED
Maven Compat,org.apache.maven.repository.legacy,TransferListenerAdapter,252,0,14,0,62,0,17,0,10,0
Maven Compat,org.apache.maven.repository.legacy,WagonConfigurationException,49,0,0,0,10,0,4,0,4,0
Maven Compat,org.apache.maven.repository.legacy,DefaultUpdateCheckManager,298,509,25,37,50,106,23,24,2,14
Maven Compat,org.apache.maven.repository.legacy,ChecksumFailedException,9,0,0,0,4,0,2,0,2,0
Maven Compat,org.apache.maven.repository.legacy,LegacyRepositorySystem.UnknownRepositoryLayout,31,0,0,0,9,0,6,0,6,0
Maven Compat,org.apache.maven.repository.legacy,DefaultWagonManager,861,635,63,49,147,144,51,26,6,15
Maven Compat,org.apache.maven.repository.legacy,MavenArtifact,79,0,10,0,20,0,12,0,7,0
Maven Compat,org.apache.maven.repository.legacy,LegacyRepositorySystem,1056,278,122,22,242,64,95,14,27,10
Maven Compat,org.apache.maven.artifact.repository.metadata,RepositoryMetadataReadException,9,0,0,0,4,0,2,0,2,0
Maven Compat,org.apache.maven.artifact.repository.metadata,MetadataBridge,103,0,13,0,28,0,20,0,13,0
Maven Compat,org.apache.maven.artifact.repository.metadata,MetadataUtils,10,0,2,0,4,0,3,0,2,0
Maven Compat,org.apache.maven.artifact.repository.metadata,SnapshotArtifactRepositoryMetadata,78,0,2,0,17,0,13,0,12,0
Maven Compat,org.apache.maven.artifact.repository.metadata,MetadataBridge.MetadataRepository,17,0,0,0,5,0,3,0,3,0
Maven Compat,org.apache.maven.artifact.repository.metadata,DefaultRepositoryMetadataManager,887,3,92,0,194,1,58,1,12,1
Maven Compat,org.apache.maven.artifact.repository.metadata,GroupRepositoryMetadata,80,0,8,0,28,0,16,0,12,0
Maven Compat,org.apache.maven.artifact,ArtifactStatus,110,0,14,0,26,0,14,0,7,0
Maven Compat,org.apache.maven.artifact,ArtifactScopeEnum,38,284,13,11,11,19,9,9,1,5
Maven Compat,org.apache.maven.artifact,UnknownRepositoryLayoutException,34,0,0,0,7,0,3,0,3,0
Maven Compat,org.apache.maven.artifact.installer,ArtifactInstallationException,13,0,0,0,6,0,3,0,3,0
Maven Compat,org.apache.maven.artifact.installer,ArtifactInstaller,0,4,0,0,0,1,0,1,0,1
Maven Compat,org.apache.maven.artifact.installer,DefaultArtifactInstaller,91,73,9,3,18,18,7,2,1,2
Maven Compat,org.apache.maven.reporting,MavenReportException,9,0,0,0,4,0,2,0,2,0
Maven Compat,org.apache.maven.project,DefaultProjectBuilderConfiguration,54,0,2,0,20,0,12,0,11,0
Maven Compat,org.apache.maven.project,ModelUtils,139,386,45,69,38,97,37,28,4,4
Maven Compat,org.apache.maven.project,InvalidProjectModelException,37,0,0,0,10,0,5,0,5,0
Maven Compat,org.apache.maven.project,MissingRepositoryElementException,10,0,0,0,4,0,2,0,2,0
Maven Compat,org.apache.maven.project,DefaultMavenProjectBuilder,422,0,22,0,96,0,26,0,15,0
Maven Compat,org.apache.maven.project,ProjectUtils,98,0,4,0,21,0,7,0,5,0
Maven Compat,org.apache.maven.usability.plugin.io.xpp3,ParamdocXpp3Writer,366,0,32,0,73,0,23,0,7,0
Maven Compat,org.apache.maven.usability.plugin.io.xpp3,ParamdocXpp3Reader,902,0,140,0,191,0,99,0,29,0
Maven Compat,org.apache.maven.usability.plugin.io.xpp3,ParamdocXpp3Reader.new ParamdocXpp3Reader.ContentTransformer() {...},5,0,0,0,2,0,2,0,2,0
Maven Compat,org.apache.maven.artifact.repository,DefaultArtifactRepository,194,43,12,2,49,12,31,2,24,2
Maven Compat,org.apache.maven.artifact.repository,DefaultArtifactRepositoryFactory,108,0,8,0,19,0,14,0,10,0
Maven Compat,org.apache.maven.artifact.repository,ArtifactRepositoryFactory,4,0,0,0,1,0,1,0,1,0
Maven Compat,org.apache.maven.artifact.manager,DefaultWagonManager,221,0,30,0,55,0,21,0,6,0
Maven Compat,org.apache.maven.artifact.manager,WagonConfigurationException,11,0,0,0,4,0,2,0,2,0
Maven Compat,org.apache.maven.repository.metadata,DefaultGraphConflictResolver,72,271,19,35,20,64,17,15,0,5
Maven Compat,org.apache.maven.repository.metadata,DefaultGraphConflictResolutionPolicy,15,51,6,8,2,12,4,5,0,2
Maven Compat,org.apache.maven.repository.metadata,ClasspathContainer,129,26,16,2,31,8,15,4,7,3
Maven Compat,org.apache.maven.repository.metadata,ArtifactMetadata,212,136,19,1,54,36,37,16,27,16
Maven Compat,org.apache.maven.repository.metadata,GraphConflictResolver,0,4,0,0,0,1,0,1,0,1
Maven Compat,org.apache.maven.repository.metadata,MetadataResolutionRequestTypeEnum,92,0,0,0,12,0,3,0,3,0
Maven Compat,org.apache.maven.repository.metadata,MetadataResolutionResult,167,0,30,0,46,0,25,0,10,0
Maven Compat,org.apache.maven.repository.metadata,MetadataResolution,27,0,0,0,12,0,6,0,6,0
Maven Compat,org.apache.maven.repository.metadata,MetadataGraph,417,328,70,38,94,95,54,33,11,22
Maven Compat,org.apache.maven.repository.metadata,MetadataResolutionException,16,0,0,0,8,0,4,0,4,0
Maven Compat,org.apache.maven.repository.metadata,DefaultClasspathTransformation.ClasspathGraphVisitor,1,90,2,6,1,18,2,4,0,2
Maven Compat,org.apache.maven.repository.metadata,MetadataTreeNode,138,0,14,0,36,0,22,0,15,0
Maven Compat,org.apache.maven.repository.metadata,MetadataSource,4,0,0,0,1,0,1,0,1,0
Maven Compat,org.apache.maven.repository.metadata,DefaultClasspathTransformation.ClasspathGraphVisitor.new Comparator() {...},14,22,2,2,2,4,2,2,0,2
Maven Compat,org.apache.maven.repository.metadata,MetadataResolutionRequest,36,0,0,0,16,0,8,0,8,0
Maven Compat,org.apache.maven.repository.metadata,DefaultClasspathTransformation,19,42,5,5,7,10,5,2,0,2
Maven Compat,org.apache.maven.repository.metadata,MetadataGraphEdge,96,103,17,9,19,31,18,15,7,13
Maven Compat,org.apache.maven.repository.metadata,ClasspathTransformation,0,4,0,0,0,1,0,1,0,1
Maven Compat,org.apache.maven.repository.metadata,MetadataRetrievalException,29,0,0,0,10,0,5,0,5,0
Maven Compat,org.apache.maven.repository.metadata,MetadataGraphVertex,109,116,23,17,29,33,23,10,5,8
Maven Compat,org.apache.maven.repository.metadata,GraphConflictResolutionPolicy,0,4,0,0,0,1,0,1,0,1
Maven Compat,org.apache.maven.repository.metadata,GraphConflictResolutionException,16,0,0,0,8,0,4,0,4,0
Maven Compat,org.apache.maven.repository.metadata,MetadataGraphTransformationException,16,0,0,0,8,0,4,0,4,0
Maven Compat,org.apache.maven.repository.legacy.resolver.conflict,ConflictResolverNotFoundException,4,0,0,0,2,0,1,0,1,0
Maven Compat,org.apache.maven.repository.legacy.resolver.conflict,ConflictResolver,0,4,0,0,0,1,0,1,0,1
Maven Compat,org.apache.maven.repository.legacy.resolver.conflict,ConflictResolverFactory,4,0,0,0,1,0,1,0,1,0
Maven Compat,org.apache.maven.repository.legacy.resolver.conflict,DefaultConflictResolverFactory,30,0,0,0,6,0,3,0,3,0
Maven Compat,org.apache.maven.repository.legacy.resolver.conflict,DefaultConflictResolver,3,0,0,0,1,0,1,0,1,0
Maven Compat,org.apache.maven.repository.legacy.resolver.conflict,FarthestConflictResolver,0,12,0,2,0,2,0,3,0,2
Maven Compat,org.apache.maven.repository.legacy.resolver.conflict,OldestConflictResolver,3,19,0,2,2,4,0,3,0,2
Maven Compat,org.apache.maven.repository.legacy.resolver.conflict,NearestConflictResolver,0,12,0,2,0,2,0,3,0,2
Maven Compat,org.apache.maven.repository.legacy.resolver.conflict,NewestConflictResolver,3,19,0,2,2,4,0,3,0,2
Maven Compat,org.apache.maven.artifact.resolver.filter,TypeArtifactFilter,46,0,4,0,14,0,6,0,4,0
Maven Compat,org.apache.maven.artifact.resolver.filter,InversionArtifactFilter,46,0,6,0,13,0,7,0,4,0
Maven Compat,org.apache.maven.artifact.resolver.filter,OrArtifactFilter,26,48,4,4,7,15,4,6,2,4
Maven Compat,org.apache.maven.execution,DefaultRuntimeInformation,25,0,2,0,7,0,4,0,3,0
Maven Compat,org.apache.maven.project.interpolation,StringSearchModelInterpolator,69,0,2,0,20,0,7,0,6,0
Maven Compat,org.apache.maven.project.interpolation,AbstractStringBasedModelInterpolator,459,0,28,0,107,0,28,0,14,0
Maven Compat,org.apache.maven.project.interpolation,ModelInterpolator,4,0,0,0,1,0,1,0,1,0
Maven Compat,org.apache.maven.project.interpolation,RegexBasedModelInterpolator,15,0,0,0,7,0,4,0,4,0
Maven Compat,org.apache.maven.project.interpolation,PathTranslatingPostProcessor,41,0,6,0,10,0,5,0,2,0
Maven Compat,org.apache.maven.project.interpolation,ModelInterpolationException,58,0,0,0,14,0,6,0,6,0
Maven Compat,org.apache.maven.project.interpolation,AbstractStringBasedModelInterpolator.new AbstractValueSource() {...},23,0,0,0,2,0,2,0,2,0
Maven Compat,org.apache.maven.project.interpolation,AbstractStringBasedModelInterpolator.new AbstractValueSource() {...},23,0,4,0,4,0,4,0,2,0
Maven Compat,org.apache.maven.project.interpolation,AbstractStringBasedModelInterpolator.new AbstractValueSource() {...},26,0,4,0,4,0,4,0,2,0
Maven Compat,org.apache.maven.project.interpolation,StringSearchModelInterpolator.InterpolateObjectAction,483,0,80,0,120,0,46,0,6,0
Maven Compat,org.apache.maven.project.interpolation,BuildTimestampValueSource,39,0,8,0,9,0,6,0,2,0
Maven Compat,org.apache.maven.profiles.activation,DetectedProfileActivator,7,0,0,0,2,0,2,0,2,0
Maven Compat,org.apache.maven.profiles.activation,OperatingSystemProfileActivator,191,0,52,0,52,0,34,0,8,0
Maven Compat,org.apache.maven.profiles.activation,FileProfileActivator,115,0,14,0,26,0,11,0,4,0
Maven Compat,org.apache.maven.profiles.activation,SystemPropertyProfileActivator,113,0,22,0,31,0,15,0,4,0
Maven Compat,org.apache.maven.profiles.activation,JdkPrefixProfileActivator,105,0,14,0,22,0,14,0,7,0
Maven Compat,org.apache.maven.profiles.activation,ProfileActivationException,9,0,0,0,4,0,2,0,2,0
Maven Compat,org.apache.maven.profiles.activation,ProfileActivator,4,0,0,0,1,0,1,0,1,0
Maven Compat,org.apache.maven.profiles.io.xpp3,ProfilesXpp3Reader,1648,0,238,0,316,0,155,0,36,0
Maven Compat,org.apache.maven.profiles.io.xpp3,ProfilesXpp3Writer,753,0,92,0,145,0,60,0,14,0
Maven Compat,org.apache.maven.profiles.io.xpp3,ProfilesXpp3Reader.new ProfilesXpp3Reader.ContentTransformer() {...},5,0,0,0,2,0,2,0,2,0
Maven Compat,org.apache.maven.project.path,DefaultPathTranslator,264,153,43,19,56,36,31,8,2,6
Maven Compat,org.apache.maven.artifact.versioning,ManagedVersionMap,47,8,4,2,9,4,3,2,1,1
Maven Compat,org.apache.maven.repository.legacy.resolver.transform,ArtifactTransformation,4,0,0,0,1,0,1,0,1,0
Maven Compat,org.apache.maven.repository.legacy.resolver.transform,ReleaseArtifactTransformation,81,3,6,0,23,1,8,1,5,1
Maven Compat,org.apache.maven.repository.legacy.resolver.transform,DefaultArtifactTransformationManager,70,6,8,0,16,2,8,2,4,2
Maven Compat,org.apache.maven.repository.legacy.resolver.transform,SnapshotTransformation,220,7,22,0,52,2,18,2,7,2
Maven Compat,org.apache.maven.repository.legacy.resolver.transform,ArtifactTransformationManager,4,0,0,0,1,0,1,0,1,0
Maven Compat,org.apache.maven.repository.legacy.resolver.transform,AbstractVersionTransformation,149,3,16,0,30,1,11,1,3,1
Maven Compat,org.apache.maven.repository.legacy.resolver.transform,LatestArtifactTransformation,44,3,4,0,13,1,6,1,4,1
Maven Compat,org.apache.maven.profiles,MavenProfilesBuilder,4,0,0,0,1,0,1,0,1,0
Maven Compat,org.apache.maven.profiles,ProfilesRoot,67,0,4,0,23,0,13,0,11,0
Maven Compat,org.apache.maven.profiles,Repository,21,0,0,0,8,0,6,0,6,0
Maven Compat,org.apache.maven.profiles,DefaultMavenProfilesBuilder,71,0,2,0,19,0,3,0,2,0
Maven Compat,org.apache.maven.profiles,Profile,93,0,6,0,32,0,19,0,16,0
Maven Compat,org.apache.maven.profiles,RepositoryBase,50,0,2,0,19,0,11,0,10,0
Maven Compat,org.apache.maven.profiles,RepositoryPolicy,27,0,0,0,11,0,7,0,7,0
Maven Compat,org.apache.maven.profiles,DefaultProfileManager.new ModelProblemCollector() {...},17,9,2,0,3,1,2,1,1,1
Maven Compat,org.apache.maven.profiles,ActivationOS,31,0,0,0,13,0,9,0,9,0
Maven Compat,org.apache.maven.profiles,ProfilesConversionUtils,201,0,20,0,57,0,13,0,3,0
Maven Compat,org.apache.maven.profiles,DefaultProfileManager,97,172,12,8,24,39,18,7,9,6
Maven Compat,org.apache.maven.profiles,Activation,41,0,0,0,17,0,11,0,11,0
Maven Compat,org.apache.maven.profiles,ActivationProperty,17,0,0,0,7,0,5,0,5,0
Maven Compat,org.apache.maven.profiles,ActivationFile,17,0,0,0,7,0,5,0,5,0
Maven Compat,org.apache.maven.artifact.resolver,DebugResolutionListener,379,0,18,0,54,0,25,0,16,0
Maven Compat,org.apache.maven.artifact.resolver,UnresolvedArtifacts,21,0,0,0,8,0,4,0,4,0
Maven Compat,org.apache.maven.artifact.resolver,DefaultArtifactResolver,243,535,29,41,45,130,28,25,3,15
Maven Compat,org.apache.maven.artifact.resolver,DefaultArtifactResolver.ResolveTask,29,47,0,0,8,14,0,2,0,2
Maven Compat,org.apache.maven.artifact.resolver,DefaultArtifactResolver.new Executor() {...},9,0,0,0,3,0,2,0,2,0
Maven Compat,org.apache.maven.artifact.resolver,DefaultArtifactResolver.DaemonThreadCreator,0,37,0,0,0,7,0,3,0,3
Maven Compat,org.apache.maven.artifact.resolver,ArtifactResolver,4,0,0,0,1,0,1,0,1,0
Maven Compat,org.apache.maven.artifact.resolver,WarningResolutionListener,7,10,0,0,7,7,7,5,7,5
Maven Compat,org.apache.maven.artifact.resolver,DefaultArtifactCollector,0,3,0,0,0,1,0,1,0,1
Maven Compat,org.apache.maven.repository,MetadataGraphNode,87,0,14,0,22,0,13,0,6,0
Maven Compat,org.apache.maven.repository,UserLocalArtifactRepository,42,0,0,0,11,0,6,0,6,0
Maven Compat,org.apache.maven.repository,MetadataResolutionRequest,163,0,0,0,50,0,25,0,25,0
Maven Compat,org.apache.maven.repository,VersionNotFoundException,61,0,0,0,11,0,6,0,6,0
Maven Compat,org.apache.maven.repository,MetadataGraph,56,0,4,0,17,0,8,0,6,0
Maven Compat,org.apache.maven.repository,MavenArtifactMetadata,90,0,4,0,25,0,18,0,16,0
Maven Compat,org.apache.maven.repository,DefaultMirrorSelector,0,242,3,57,0,54,3,33,0,6
Maven Compat,org.apache.maven.repository,MetadataResolutionResult,353,0,40,0,87,0,54,0,34,0
Maven Compat,org.apache.maven.artifact.deployer,ArtifactDeploymentException,13,0,0,0,6,0,3,0,3,0
Maven Compat,org.apache.maven.artifact.deployer,ArtifactDeployer,0,4,0,0,0,1,0,1,0,1
Maven Compat,org.apache.maven.artifact.deployer,DefaultArtifactDeployer,132,125,15,7,22,26,11,3,1,2
Maven Compat,org.apache.maven.artifact.repository.layout,FlatRepositoryLayout,76,0,6,0,16,0,10,0,7,0
Maven Compat,org.apache.maven.project.inheritance,DefaultModelInheritanceAssembler,1105,0,215,0,285,0,127,0,19,0
Maven Compat,org.apache.maven.project.inheritance,ModelInheritanceAssembler,4,0,0,0,1,0,1,0,1,0
Maven Compat,org.apache.maven.project.validation,DefaultModelValidator.SimpleModelProblemCollector,17,0,2,0,6,0,3,0,2,0
Maven Compat,org.apache.maven.project.validation,DefaultModelValidator,26,0,0,0,7,0,2,0,2,0
Maven Compat,org.apache.maven.project.validation,ModelValidator,4,0,0,0,1,0,1,0,1,0
Maven Compat,org.apache.maven.project.validation,ModelValidationResult,83,0,4,0,16,0,10,0,8,0
Maven Compat,org.apache.maven.repository.legacy.resolver,DefaultLegacyArtifactCollector,425,815,60,106,100,193,51,51,2,11
Maven Compat,org.apache.maven.usability.plugin,ExpressionDocumentation,81,0,10,0,25,0,14,0,9,0
Maven Compat,org.apache.maven.usability.plugin,ExpressionDocumenter,232,0,20,0,38,0,15,0,5,0
Maven Compat,org.apache.maven.usability.plugin,ExpressionDocumentationException,9,0,0,0,4,0,2,0,2,0
Maven Compat,org.apache.maven.usability.plugin,Expression,92,0,4,0,34,0,21,0,19,0
Maven Compat,org.apache.maven.repository.legacy.repository,DefaultArtifactRepositoryFactory,93,35,5,7,21,10,11,4,7,2
