<?xml version="1.0" encoding="UTF-8" standalone="yes"?><!DOCTYPE report PUBLIC "-//JACOCO//DTD Report 1.1//EN" "report.dtd"><report name="Maven Model"><sessioninfo id="AlexComputer-c8cc54cc" start="1554415661136" dump="1554415661797"/><package name="org/apache/maven/model/merge"><class name="org/apache/maven/model/merge/ModelMerger" sourcefilename="ModelMerger.java"><method name="&lt;init&gt;" desc="()V" line="91"><counter type="INSTRUCTION" missed="3" covered="0"/><counter type="LINE" missed="1" covered="0"/><counter type="COMPLEXITY" missed="1" covered="0"/><counter type="METHOD" missed="1" covered="0"/></method><method name="merge" desc="(Lorg/apache/maven/model/Model;Lorg/apache/maven/model/Model;ZLjava/util/Map;)V" line="108"><counter type="INSTRUCTION" missed="23" covered="0"/><counter type="BRANCH" missed="4" covered="0"/><counter type="LINE" missed="8" covered="0"/><counter type="COMPLEXITY" missed="3" covered="0"/><counter type="METHOD" missed="1" covered="0"/></method><method name="mergeModel" desc="(Lorg/apache/maven/model/Model;Lorg/apache/maven/model/Model;ZLjava/util/Map;)V" line="126"><counter type="INSTRUCTION" missed="139" covered="0"/><counter type="LINE" missed="24" covered="0"/><counter type="COMPLEXITY" missed="1" covered="0"/><counter type="METHOD" missed="1" covered="0"/></method><method name="mergeModel_ModelVersion" desc="(Lorg/apache/maven/model/Model;Lorg/apache/maven/model/Model;ZLjava/util/Map;)V" line="155"><counter type="INSTRUCTION" missed="20" covered="0"/><counter type="BRANCH" missed="6" covered="0"/><counter type="LINE" missed="6" covered="0"/><counter type="COMPLEXITY" missed="4" covered="0"/><counter type="METHOD" missed="1" covered="0"/></method><method name="mergeModel_Parent" desc="(Lorg/apache/maven/model/Model;Lorg/apache/maven/model/Model;ZLjava/util/Map;)V" line="168"><counter type="INSTRUCTION" missed="27" covered="0"/><counter type="BRANCH" missed="4" covered="0"/><counter type="LINE" missed="9" covered="0"/><counter type="COMPLEXITY" missed="3" covered="0"/><counter type="METHOD" missed="1" covered="0"/></method><method name="mergeModel_GroupId" desc="(Lorg/apache/maven/model/Model;Lorg/apache/maven/model/Model;ZLjava/util/Map;)V" line="185"><counter type="INSTRUCTION" missed="20" covered="0"/><counter type="BRANCH" missed="6" covered="0"/><counter type="LINE" missed="6" covered="0"/><counter type="COMPLEXITY" missed="4" covered="0"/><counter type="METHOD" missed="1" covered="0"/></method><method name="mergeModel_ArtifactId" desc="(Lorg/apache/maven/model/Model;Lorg/apache/maven/model/Model;ZLjava/util/Map;)V" line="199"><counter type="INSTRUCTION" missed="20" covered="0"/><counter type="BRANCH" missed="6" covered="0"/><counter type="LINE" missed="6" covered="0"/><counter type="COMPLEXITY" missed="4" covered="0"/><counter type="METHOD" missed="1" covered="0"/></method><method name="mergeModel_ChildProjectUrlInheritAppendPath" desc="(Lorg/apache/maven/model/Model;Lorg/apache/maven/model/Model;ZLjava/util/Map;)V" line="213"><counter type="INSTRUCTION" missed="20" covered="0"/><counter type="BRANCH" missed="6" covered="0"/><counter type="LINE" missed="7" covered="0"/><counter type="COMPLEXITY" missed="4" covered="0"/><counter type="METHOD" missed="1" covered="0"/></method><method name="mergeModel_Version" desc="(Lorg/apache/maven/model/Model;Lorg/apache/maven/model/Model;ZLjava/util/Map;)V" line="228"><counter type="INSTRUCTION" missed="20" covered="0"/><counter type="BRANCH" missed="6" covered="0"/><counter type="LINE" missed="6" covered="0"/><counter type="COMPLEXITY" missed="4" covered="0"/><counter type="METHOD" missed="1" covered="0"/></method><method name="mergeModel_Packaging" desc="(Lorg/apache/maven/model/Model;Lorg/apache/maven/model/Model;ZLjava/util/Map;)V" line="242"><counter type="INSTRUCTION" missed="20" covered="0"/><counter type="BRANCH" missed="6" covered="0"/><counter type="LINE" missed="6" covered="0"/><counter type="COMPLEXITY" missed="4" covered="0"/><counter type="METHOD" missed="1" covered="0"/></method><method name="mergeModel_Name" desc="(Lorg/apache/maven/model/Model;Lorg/apache/maven/model/Model;ZLjava/util/Map;)V" line="255"><counter type="INSTRUCTION" missed="20" covered="0"/><counter type="BRANCH" missed="6" covered="0"/><counter type="LINE" missed="6" covered="0"/><counter type="COMPLEXITY" missed="4" covered="0"/><counter type="METHOD" missed="1" covered="0"/></method><method name="mergeModel_Description" desc="(Lorg/apache/maven/model/Model;Lorg/apache/maven/model/Model;ZLjava/util/Map;)V" line="269"><counter type="INSTRUCTION" missed="20" covered="0"/><counter type="BRANCH" missed="6" covered="0"/><counter type="LINE" missed="6" covered="0"/><counter type="COMPLEXITY" missed="4" covered="0"/><counter type="METHOD" missed="1" covered="0"/></method><method name="mergeModel_Url" desc="(Lorg/apache/maven/model/Model;Lorg/apache/maven/model/Model;ZLjava/util/Map;)V" line="282"><counter type="INSTRUCTION" missed="20" covered="0"/><counter type="BRANCH" missed="6" covered="0"/><counter type="LINE" missed="6" covered="0"/><counter type="COMPLEXITY" missed="4" covered="0"/><counter type="METHOD" missed="1" covered="0"/></method><method name="mergeModel_InceptionYear" desc="(Lorg/apache/maven/model/Model;Lorg/apache/maven/model/Model;ZLjava/util/Map;)V" line="296"><counter type="INSTRUCTION" missed="20" covered="0"/><counter type="BRANCH" missed="6" covered="0"/><counter type="LINE" missed="6" covered="0"/><counter type="COMPLEXITY" missed="4" covered="0"/><counter type="METHOD" missed="1" covered="0"/></method><method name="mergeModel_Organization" desc="(Lorg/apache/maven/model/Model;Lorg/apache/maven/model/Model;ZLjava/util/Map;)V" line="310"><counter type="INSTRUCTION" missed="24" covered="0"/><counter type="BRANCH" missed="4" covered="0"/><counter type="LINE" missed="8" covered="0"/><counter type="COMPLEXITY" missed="3" covered="0"/><counter type="METHOD" missed="1" covered="0"/></method><method name="mergeModel_Licenses" desc="(Lorg/apache/maven/model/Model;Lorg/apache/maven/model/Model;ZLjava/util/Map;)V" line="326"><counter type="INSTRUCTION" missed="74" covered="0"/><counter type="BRANCH" missed="10" covered="0"/><counter type="LINE" missed="15" covered="0"/><counter type="COMPLEXITY" missed="6" covered="0"/><counter type="METHOD" missed="1" covered="0"/></method><method name="mergeModel_MailingLists" desc="(Lorg/apache/maven/model/Model;Lorg/apache/maven/model/Model;ZLjava/util/Map;)V" line="354"><counter type="INSTRUCTION" missed="74" covered="0"/><counter type="BRANCH" missed="10" covered="0"/><counter type="LINE" missed="15" covered="0"/><counter type="COMPLEXITY" missed="6" covered="0"/><counter type="METHOD" missed="1" covered="0"/></method><method name="mergeModel_Developers" desc="(Lorg/apache/maven/model/Model;Lorg/apache/maven/model/Model;ZLjava/util/Map;)V" line="382"><counter type="INSTRUCTION" missed="74" covered="0"/><counter type="BRANCH" missed="10" covered="0"/><counter type="LINE" missed="15" covered="0"/><counter type="COMPLEXITY" missed="6" covered="0"/><counter type="METHOD" missed="1" covered="0"/></method><method name="mergeModel_Contributors" desc="(Lorg/apache/maven/model/Model;Lorg/apache/maven/model/Model;ZLjava/util/Map;)V" line="410"><counter type="INSTRUCTION" missed="74" covered="0"/><counter type="BRANCH" missed="10" covered="0"/><counter type="LINE" missed="15" covered="0"/><counter type="COMPLEXITY" missed="6" covered="0"/><counter type="METHOD" missed="1" covered="0"/></method><method name="mergeModel_IssueManagement" desc="(Lorg/apache/maven/model/Model;Lorg/apache/maven/model/Model;ZLjava/util/Map;)V" line="438"><counter type="INSTRUCTION" missed="24" covered="0"/><counter type="BRANCH" missed="4" covered="0"/><counter type="LINE" missed="8" covered="0"/><counter type="COMPLEXITY" missed="3" covered="0"/><counter type="METHOD" missed="1" covered="0"/></method><method name="mergeModel_Scm" desc="(Lorg/apache/maven/model/Model;Lorg/apache/maven/model/Model;ZLjava/util/Map;)V" line="453"><counter type="INSTRUCTION" missed="27" covered="0"/><counter type="BRANCH" missed="4" covered="0"/><counter type="LINE" missed="9" covered="0"/><counter type="COMPLEXITY" missed="3" covered="0"/><counter type="METHOD" missed="1" covered="0"/></method><method name="mergeModel_CiManagement" desc="(Lorg/apache/maven/model/Model;Lorg/apache/maven/model/Model;ZLjava/util/Map;)V" line="470"><counter type="INSTRUCTION" missed="24" covered="0"/><counter type="BRANCH" missed="4" covered="0"/><counter type="LINE" missed="8" covered="0"/><counter type="COMPLEXITY" missed="3" covered="0"/><counter type="METHOD" missed="1" covered="0"/></method><method name="mergeModel_Prerequisites" desc="(Lorg/apache/maven/model/Model;Lorg/apache/maven/model/Model;ZLjava/util/Map;)V" line="486"><counter type="INSTRUCTION" missed="27" covered="0"/><counter type="BRANCH" missed="4" covered="0"/><counter type="LINE" missed="9" covered="0"/><counter type="COMPLEXITY" missed="3" covered="0"/><counter type="METHOD" missed="1" covered="0"/></method><method name="mergeModel_Build" desc="(Lorg/apache/maven/model/Model;Lorg/apache/maven/model/Model;ZLjava/util/Map;)V" line="502"><counter type="INSTRUCTION" missed="24" covered="0"/><counter type="BRANCH" missed="4" covered="0"/><counter type="LINE" missed="8" covered="0"/><counter type="COMPLEXITY" missed="3" covered="0"/><counter type="METHOD" missed="1" covered="0"/></method><method name="mergeModel_Profiles" desc="(Lorg/apache/maven/model/Model;Lorg/apache/maven/model/Model;ZLjava/util/Map;)V" line="518"><counter type="INSTRUCTION" missed="74" covered="0"/><counter type="BRANCH" missed="10" covered="0"/><counter type="LINE" missed="15" covered="0"/><counter type="COMPLEXITY" missed="6" covered="0"/><counter type="METHOD" missed="1" covered="0"/></method><method name="mergeModelBase" desc="(Lorg/apache/maven/model/ModelBase;Lorg/apache/maven/model/ModelBase;ZLjava/util/Map;)V" line="546"><counter type="INSTRUCTION" missed="49" covered="0"/><counter type="LINE" missed="9" covered="0"/><counter type="COMPLEXITY" missed="1" covered="0"/><counter type="METHOD" missed="1" covered="0"/></method><method name="mergeModelBase_Modules" desc="(Lorg/apache/maven/model/ModelBase;Lorg/apache/maven/model/ModelBase;ZLjava/util/Map;)V" line="559"><counter type="INSTRUCTION" missed="30" covered="0"/><counter type="BRANCH" missed="2" covered="0"/><counter type="LINE" missed="8" covered="0"/><counter type="COMPLEXITY" missed="2" covered="0"/><counter type="METHOD" missed="1" covered="0"/></method><method name="mergeModelBase_Dependencies" desc="(Lorg/apache/maven/model/ModelBase;Lorg/apache/maven/model/ModelBase;ZLjava/util/Map;)V" line="573"><counter type="INSTRUCTION" missed="74" covered="0"/><counter type="BRANCH" missed="10" covered="0"/><counter type="LINE" missed="15" covered="0"/><counter type="COMPLEXITY" missed="6" covered="0"/><counter type="METHOD" missed="1" covered="0"/></method><method name="mergeModelBase_Repositories" desc="(Lorg/apache/maven/model/ModelBase;Lorg/apache/maven/model/ModelBase;ZLjava/util/Map;)V" line="601"><counter type="INSTRUCTION" missed="74" covered="0"/><counter type="BRANCH" missed="10" covered="0"/><counter type="LINE" missed="15" covered="0"/><counter type="COMPLEXITY" missed="6" covered="0"/><counter type="METHOD" missed="1" covered="0"/></method><method name="mergeModelBase_PluginRepositories" desc="(Lorg/apache/maven/model/ModelBase;Lorg/apache/maven/model/ModelBase;ZLjava/util/Map;)V" line="629"><counter type="INSTRUCTION" missed="74" covered="0"/><counter type="BRANCH" missed="10" covered="0"/><counter type="LINE" missed="15" covered="0"/><counter type="COMPLEXITY" missed="6" covered="0"/><counter type="METHOD" missed="1" covered="0"/></method><method name="mergeModelBase_DistributionManagement" desc="(Lorg/apache/maven/model/ModelBase;Lorg/apache/maven/model/ModelBase;ZLjava/util/Map;)V" line="657"><counter type="INSTRUCTION" missed="24" covered="0"/><counter type="BRANCH" missed="4" covered="0"/><counter type="LINE" missed="8" covered="0"/><counter type="COMPLEXITY" missed="3" covered="0"/><counter type="METHOD" missed="1" covered="0"/></method><method name="mergeModelBase_Reporting" desc="(Lorg/apache/maven/model/ModelBase;Lorg/apache/maven/model/ModelBase;ZLjava/util/Map;)V" line="673"><counter type="INSTRUCTION" missed="24" covered="0"/><counter type="BRANCH" missed="4" covered="0"/><counter type="LINE" missed="8" covered="0"/><counter type="COMPLEXITY" missed="3" covered="0"/><counter type="METHOD" missed="1" covered="0"/></method><method name="mergeModelBase_DependencyManagement" desc="(Lorg/apache/maven/model/ModelBase;Lorg/apache/maven/model/ModelBase;ZLjava/util/Map;)V" line="689"><counter type="INSTRUCTION" missed="24" covered="0"/><counter type="BRANCH" missed="4" covered="0"/><counter type="LINE" missed="8" covered="0"/><counter type="COMPLEXITY" missed="3" covered="0"/><counter type="METHOD" missed="1" covered="0"/></method><method name="mergeModelBase_Properties" desc="(Lorg/apache/maven/model/ModelBase;Lorg/apache/maven/model/ModelBase;ZLjava/util/Map;)V" line="705"><counter type="INSTRUCTION" missed="38" covered="0"/><counter type="BRANCH" missed="2" covered="0"/><counter type="LINE" missed="10" covered="0"/><counter type="COMPLEXITY" missed="2" covered="0"/><counter type="METHOD" missed="1" covered="0"/></method><method name="mergeDistributionManagement" desc="(Lorg/apache/maven/model/DistributionManagement;Lorg/apache/maven/model/DistributionManagement;ZLjava/util/Map;)V" line="724"><counter type="INSTRUCTION" missed="31" covered="0"/><counter type="LINE" missed="6" covered="0"/><counter type="COMPLEXITY" missed="1" covered="0"/><counter type="METHOD" missed="1" covered="0"/></method><method name="mergeDistributionManagement_Repository" desc="(Lorg/apache/maven/model/DistributionManagement;Lorg/apache/maven/model/DistributionManagement;ZLjava/util/Map;)V" line="735"><counter type="INSTRUCTION" missed="24" covered="0"/><counter type="BRANCH" missed="4" covered="0"/><counter type="LINE" missed="8" covered="0"/><counter type="COMPLEXITY" missed="3" covered="0"/><counter type="METHOD" missed="1" covered="0"/></method><method name="mergeDistributionManagement_SnapshotRepository" desc="(Lorg/apache/maven/model/DistributionManagement;Lorg/apache/maven/model/DistributionManagement;ZLjava/util/Map;)V" line="753"><counter type="INSTRUCTION" missed="24" covered="0"/><counter type="BRANCH" missed="4" covered="0"/><counter type="LINE" missed="8" covered="0"/><counter type="COMPLEXITY" missed="3" covered="0"/><counter type="METHOD" missed="1" covered="0"/></method><method name="mergeDistributionManagement_Site" desc="(Lorg/apache/maven/model/DistributionManagement;Lorg/apache/maven/model/DistributionManagement;ZLjava/util/Map;)V" line="769"><counter type="INSTRUCTION" missed="24" covered="0"/><counter type="BRANCH" missed="4" covered="0"/><counter type="LINE" missed="8" covered="0"/><counter type="COMPLEXITY" missed="3" covered="0"/><counter type="METHOD" missed="1" covered="0"/></method><method name="mergeDistributionManagement_Status" desc="(Lorg/apache/maven/model/DistributionManagement;Lorg/apache/maven/model/DistributionManagement;ZLjava/util/Map;)V" line="785"><counter type="INSTRUCTION" missed="20" covered="0"/><counter type="BRANCH" missed="6" covered="0"/><counter type="LINE" missed="6" covered="0"/><counter type="COMPLEXITY" missed="4" covered="0"/><counter type="METHOD" missed="1" covered="0"/></method><method name="mergeDistributionManagement_DownloadUrl" desc="(Lorg/apache/maven/model/DistributionManagement;Lorg/apache/maven/model/DistributionManagement;ZLjava/util/Map;)V" line="800"><counter type="INSTRUCTION" missed="20" covered="0"/><counter type="BRANCH" missed="6" covered="0"/><counter type="LINE" missed="6" covered="0"/><counter type="COMPLEXITY" missed="4" covered="0"/><counter type="METHOD" missed="1" covered="0"/></method><method name="mergeRelocation" desc="(Lorg/apache/maven/model/Relocation;Lorg/apache/maven/model/Relocation;ZLjava/util/Map;)V" line="814"><counter type="INSTRUCTION" missed="25" covered="0"/><counter type="LINE" missed="5" covered="0"/><counter type="COMPLEXITY" missed="1" covered="0"/><counter type="METHOD" missed="1" covered="0"/></method><method name="mergeRelocation_GroupId" desc="(Lorg/apache/maven/model/Relocation;Lorg/apache/maven/model/Relocation;ZLjava/util/Map;)V" line="823"><counter type="INSTRUCTION" missed="20" covered="0"/><counter type="BRANCH" missed="6" covered="0"/><counter type="LINE" missed="6" covered="0"/><counter type="COMPLEXITY" missed="4" covered="0"/><counter type="METHOD" missed="1" covered="0"/></method><method name="mergeRelocation_ArtifactId" desc="(Lorg/apache/maven/model/Relocation;Lorg/apache/maven/model/Relocation;ZLjava/util/Map;)V" line="837"><counter type="INSTRUCTION" missed="20" covered="0"/><counter type="BRANCH" missed="6" covered="0"/><counter type="LINE" missed="6" covered="0"/><counter type="COMPLEXITY" missed="4" covered="0"/><counter type="METHOD" missed="1" covered="0"/></method><method name="mergeRelocation_Version" desc="(Lorg/apache/maven/model/Relocation;Lorg/apache/maven/model/Relocation;ZLjava/util/Map;)V" line="851"><counter type="INSTRUCTION" missed="20" covered="0"/><counter type="BRANCH" missed="6" covered="0"/><counter type="LINE" missed="6" covered="0"/><counter type="COMPLEXITY" missed="4" covered="0"/><counter type="METHOD" missed="1" covered="0"/></method><method name="mergeRelocation_Message" desc="(Lorg/apache/maven/model/Relocation;Lorg/apache/maven/model/Relocation;ZLjava/util/Map;)V" line="865"><counter type="INSTRUCTION" missed="20" covered="0"/><counter type="BRANCH" missed="6" covered="0"/><counter type="LINE" missed="6" covered="0"/><counter type="COMPLEXITY" missed="4" covered="0"/><counter type="METHOD" missed="1" covered="0"/></method><method name="mergeDeploymentRepository" desc="(Lorg/apache/maven/model/DeploymentRepository;Lorg/apache/maven/model/DeploymentRepository;ZLjava/util/Map;)V" line="879"><counter type="INSTRUCTION" missed="13" covered="0"/><counter type="LINE" missed="3" covered="0"/><counter type="COMPLEXITY" missed="1" covered="0"/><counter type="METHOD" missed="1" covered="0"/></method><method name="mergeDeploymentRepository_UniqueVersion" desc="(Lorg/apache/maven/model/DeploymentRepository;Lorg/apache/maven/model/DeploymentRepository;ZLjava/util/Map;)V" line="886"><counter type="INSTRUCTION" missed="13" covered="0"/><counter type="BRANCH" missed="2" covered="0"/><counter type="LINE" missed="4" covered="0"/><counter type="COMPLEXITY" missed="2" covered="0"/><counter type="METHOD" missed="1" covered="0"/></method><method name="mergeSite" desc="(Lorg/apache/maven/model/Site;Lorg/apache/maven/model/Site;ZLjava/util/Map;)V" line="895"><counter type="INSTRUCTION" missed="25" covered="0"/><counter type="LINE" missed="5" covered="0"/><counter type="COMPLEXITY" missed="1" covered="0"/><counter type="METHOD" missed="1" covered="0"/></method><method name="mergeSite_ChildSiteUrlInheritAppendPath" desc="(Lorg/apache/maven/model/Site;Lorg/apache/maven/model/Site;ZLjava/util/Map;)V" line="904"><counter type="INSTRUCTION" missed="20" covered="0"/><counter type="BRANCH" missed="6" covered="0"/><counter type="LINE" missed="7" covered="0"/><counter type="COMPLEXITY" missed="4" covered="0"/><counter type="METHOD" missed="1" covered="0"/></method><method name="mergeSite_Id" desc="(Lorg/apache/maven/model/Site;Lorg/apache/maven/model/Site;ZLjava/util/Map;)V" line="918"><counter type="INSTRUCTION" missed="20" covered="0"/><counter type="BRANCH" missed="6" covered="0"/><counter type="LINE" missed="6" covered="0"/><counter type="COMPLEXITY" missed="4" covered="0"/><counter type="METHOD" missed="1" covered="0"/></method><method name="mergeSite_Name" desc="(Lorg/apache/maven/model/Site;Lorg/apache/maven/model/Site;ZLjava/util/Map;)V" line="931"><counter type="INSTRUCTION" missed="20" covered="0"/><counter type="BRANCH" missed="6" covered="0"/><counter type="LINE" missed="6" covered="0"/><counter type="COMPLEXITY" missed="4" covered="0"/><counter type="METHOD" missed="1" covered="0"/></method><method name="mergeSite_Url" desc="(Lorg/apache/maven/model/Site;Lorg/apache/maven/model/Site;ZLjava/util/Map;)V" line="944"><counter type="INSTRUCTION" missed="20" covered="0"/><counter type="BRANCH" missed="6" covered="0"/><counter type="LINE" missed="6" covered="0"/><counter type="COMPLEXITY" missed="4" covered="0"/><counter type="METHOD" missed="1" covered="0"/></method><method name="mergeRepository" desc="(Lorg/apache/maven/model/Repository;Lorg/apache/maven/model/Repository;ZLjava/util/Map;)V" line="958"><counter type="INSTRUCTION" missed="19" covered="0"/><counter type="LINE" missed="4" covered="0"/><counter type="COMPLEXITY" missed="1" covered="0"/><counter type="METHOD" missed="1" covered="0"/></method><method name="mergeRepository_Releases" desc="(Lorg/apache/maven/model/Repository;Lorg/apache/maven/model/Repository;ZLjava/util/Map;)V" line="966"><counter type="INSTRUCTION" missed="24" covered="0"/><counter type="BRANCH" missed="4" covered="0"/><counter type="LINE" missed="8" covered="0"/><counter type="COMPLEXITY" missed="3" covered="0"/><counter type="METHOD" missed="1" covered="0"/></method><method name="mergeRepository_Snapshots" desc="(Lorg/apache/maven/model/Repository;Lorg/apache/maven/model/Repository;ZLjava/util/Map;)V" line="982"><counter type="INSTRUCTION" missed="24" covered="0"/><counter type="BRANCH" missed="4" covered="0"/><counter type="LINE" missed="8" covered="0"/><counter type="COMPLEXITY" missed="3" covered="0"/><counter type="METHOD" missed="1" covered="0"/></method><method name="mergeRepositoryBase" desc="(Lorg/apache/maven/model/RepositoryBase;Lorg/apache/maven/model/RepositoryBase;ZLjava/util/Map;)V" line="998"><counter type="INSTRUCTION" missed="25" covered="0"/><counter type="LINE" missed="5" covered="0"/><counter type="COMPLEXITY" missed="1" covered="0"/><counter type="METHOD" missed="1" covered="0"/></method><method name="mergeRepositoryBase_Id" desc="(Lorg/apache/maven/model/RepositoryBase;Lorg/apache/maven/model/RepositoryBase;ZLjava/util/Map;)V" line="1007"><counter type="INSTRUCTION" missed="20" covered="0"/><counter type="BRANCH" missed="6" covered="0"/><counter type="LINE" missed="6" covered="0"/><counter type="COMPLEXITY" missed="4" covered="0"/><counter type="METHOD" missed="1" covered="0"/></method><method name="mergeRepositoryBase_Url" desc="(Lorg/apache/maven/model/RepositoryBase;Lorg/apache/maven/model/RepositoryBase;ZLjava/util/Map;)V" line="1021"><counter type="INSTRUCTION" missed="20" covered="0"/><counter type="BRANCH" missed="6" covered="0"/><counter type="LINE" missed="6" covered="0"/><counter type="COMPLEXITY" missed="4" covered="0"/><counter type="METHOD" missed="1" covered="0"/></method><method name="mergeRepositoryBase_Name" desc="(Lorg/apache/maven/model/RepositoryBase;Lorg/apache/maven/model/RepositoryBase;ZLjava/util/Map;)V" line="1035"><counter type="INSTRUCTION" missed="20" covered="0"/><counter type="BRANCH" missed="6" covered="0"/><counter type="LINE" missed="6" covered="0"/><counter type="COMPLEXITY" missed="4" covered="0"/><counter type="METHOD" missed="1" covered="0"/></method><method name="mergeRepositoryBase_Layout" desc="(Lorg/apache/maven/model/RepositoryBase;Lorg/apache/maven/model/RepositoryBase;ZLjava/util/Map;)V" line="1049"><counter type="INSTRUCTION" missed="20" covered="0"/><counter type="BRANCH" missed="6" covered="0"/><counter type="LINE" missed="6" covered="0"/><counter type="COMPLEXITY" missed="4" covered="0"/><counter type="METHOD" missed="1" covered="0"/></method><method name="mergeRepositoryPolicy" desc="(Lorg/apache/maven/model/RepositoryPolicy;Lorg/apache/maven/model/RepositoryPolicy;ZLjava/util/Map;)V" line="1063"><counter type="INSTRUCTION" missed="19" covered="0"/><counter type="LINE" missed="4" covered="0"/><counter type="COMPLEXITY" missed="1" covered="0"/><counter type="METHOD" missed="1" covered="0"/></method><method name="mergeRepositoryPolicy_Enabled" desc="(Lorg/apache/maven/model/RepositoryPolicy;Lorg/apache/maven/model/RepositoryPolicy;ZLjava/util/Map;)V" line="1071"><counter type="INSTRUCTION" missed="20" covered="0"/><counter type="BRANCH" missed="6" covered="0"/><counter type="LINE" missed="6" covered="0"/><counter type="COMPLEXITY" missed="4" covered="0"/><counter type="METHOD" missed="1" covered="0"/></method><method name="mergeRepositoryPolicy_UpdatePolicy" desc="(Lorg/apache/maven/model/RepositoryPolicy;Lorg/apache/maven/model/RepositoryPolicy;ZLjava/util/Map;)V" line="1085"><counter type="INSTRUCTION" missed="20" covered="0"/><counter type="BRANCH" missed="6" covered="0"/><counter type="LINE" missed="6" covered="0"/><counter type="COMPLEXITY" missed="4" covered="0"/><counter type="METHOD" missed="1" covered="0"/></method><method name="mergeRepositoryPolicy_ChecksumPolicy" desc="(Lorg/apache/maven/model/RepositoryPolicy;Lorg/apache/maven/model/RepositoryPolicy;ZLjava/util/Map;)V" line="1099"><counter type="INSTRUCTION" missed="20" covered="0"/><counter type="BRANCH" missed="6" covered="0"/><counter type="LINE" missed="6" covered="0"/><counter type="COMPLEXITY" missed="4" covered="0"/><counter type="METHOD" missed="1" covered="0"/></method><method name="mergeDependency" desc="(Lorg/apache/maven/model/Dependency;Lorg/apache/maven/model/Dependency;ZLjava/util/Map;)V" line="1113"><counter type="INSTRUCTION" missed="55" covered="0"/><counter type="LINE" missed="10" covered="0"/><counter type="COMPLEXITY" missed="1" covered="0"/><counter type="METHOD" missed="1" covered="0"/></method><method name="mergeDependency_GroupId" desc="(Lorg/apache/maven/model/Dependency;Lorg/apache/maven/model/Dependency;ZLjava/util/Map;)V" line="1127"><counter type="INSTRUCTION" missed="20" covered="0"/><counter type="BRANCH" missed="6" covered="0"/><counter type="LINE" missed="6" covered="0"/><counter type="COMPLEXITY" missed="4" covered="0"/><counter type="METHOD" missed="1" covered="0"/></method><method name="mergeDependency_ArtifactId" desc="(Lorg/apache/maven/model/Dependency;Lorg/apache/maven/model/Dependency;ZLjava/util/Map;)V" line="1141"><counter type="INSTRUCTION" missed="20" covered="0"/><counter type="BRANCH" missed="6" covered="0"/><counter type="LINE" missed="6" covered="0"/><counter type="COMPLEXITY" missed="4" covered="0"/><counter type="METHOD" missed="1" covered="0"/></method><method name="mergeDependency_Version" desc="(Lorg/apache/maven/model/Dependency;Lorg/apache/maven/model/Dependency;ZLjava/util/Map;)V" line="1155"><counter type="INSTRUCTION" missed="20" covered="0"/><counter type="BRANCH" missed="6" covered="0"/><counter type="LINE" missed="6" covered="0"/><counter type="COMPLEXITY" missed="4" covered="0"/><counter type="METHOD" missed="1" covered="0"/></method><method name="mergeDependency_Type" desc="(Lorg/apache/maven/model/Dependency;Lorg/apache/maven/model/Dependency;ZLjava/util/Map;)V" line="1169"><counter type="INSTRUCTION" missed="20" covered="0"/><counter type="BRANCH" missed="6" covered="0"/><counter type="LINE" missed="6" covered="0"/><counter type="COMPLEXITY" missed="4" covered="0"/><counter type="METHOD" missed="1" covered="0"/></method><method name="mergeDependency_Classifier" desc="(Lorg/apache/maven/model/Dependency;Lorg/apache/maven/model/Dependency;ZLjava/util/Map;)V" line="1183"><counter type="INSTRUCTION" missed="20" covered="0"/><counter type="BRANCH" missed="6" covered="0"/><counter type="LINE" missed="6" covered="0"/><counter type="COMPLEXITY" missed="4" covered="0"/><counter type="METHOD" missed="1" covered="0"/></method><method name="mergeDependency_Scope" desc="(Lorg/apache/maven/model/Dependency;Lorg/apache/maven/model/Dependency;ZLjava/util/Map;)V" line="1197"><counter type="INSTRUCTION" missed="20" covered="0"/><counter type="BRANCH" missed="6" covered="0"/><counter type="LINE" missed="6" covered="0"/><counter type="COMPLEXITY" missed="4" covered="0"/><counter type="METHOD" missed="1" covered="0"/></method><method name="mergeDependency_SystemPath" desc="(Lorg/apache/maven/model/Dependency;Lorg/apache/maven/model/Dependency;ZLjava/util/Map;)V" line="1211"><counter type="INSTRUCTION" missed="20" covered="0"/><counter type="BRANCH" missed="6" covered="0"/><counter type="LINE" missed="6" covered="0"/><counter type="COMPLEXITY" missed="4" covered="0"/><counter type="METHOD" missed="1" covered="0"/></method><method name="mergeDependency_Optional" desc="(Lorg/apache/maven/model/Dependency;Lorg/apache/maven/model/Dependency;ZLjava/util/Map;)V" line="1225"><counter type="INSTRUCTION" missed="20" covered="0"/><counter type="BRANCH" missed="6" covered="0"/><counter type="LINE" missed="6" covered="0"/><counter type="COMPLEXITY" missed="4" covered="0"/><counter type="METHOD" missed="1" covered="0"/></method><method name="mergeDependency_Exclusions" desc="(Lorg/apache/maven/model/Dependency;Lorg/apache/maven/model/Dependency;ZLjava/util/Map;)V" line="1239"><counter type="INSTRUCTION" missed="74" covered="0"/><counter type="BRANCH" missed="10" covered="0"/><counter type="LINE" missed="15" covered="0"/><counter type="COMPLEXITY" missed="6" covered="0"/><counter type="METHOD" missed="1" covered="0"/></method><method name="mergeExclusion" desc="(Lorg/apache/maven/model/Exclusion;Lorg/apache/maven/model/Exclusion;ZLjava/util/Map;)V" line="1268"><counter type="INSTRUCTION" missed="13" covered="0"/><counter type="LINE" missed="3" covered="0"/><counter type="COMPLEXITY" missed="1" covered="0"/><counter type="METHOD" missed="1" covered="0"/></method><method name="mergeExclusion_GroupId" desc="(Lorg/apache/maven/model/Exclusion;Lorg/apache/maven/model/Exclusion;ZLjava/util/Map;)V" line="1275"><counter type="INSTRUCTION" missed="20" covered="0"/><counter type="BRANCH" missed="6" covered="0"/><counter type="LINE" missed="6" covered="0"/><counter type="COMPLEXITY" missed="4" covered="0"/><counter type="METHOD" missed="1" covered="0"/></method><method name="mergeExclusion_ArtifactId" desc="(Lorg/apache/maven/model/Exclusion;Lorg/apache/maven/model/Exclusion;ZLjava/util/Map;)V" line="1289"><counter type="INSTRUCTION" missed="20" covered="0"/><counter type="BRANCH" missed="6" covered="0"/><counter type="LINE" missed="6" covered="0"/><counter type="COMPLEXITY" missed="4" covered="0"/><counter type="METHOD" missed="1" covered="0"/></method><method name="mergeReporting" desc="(Lorg/apache/maven/model/Reporting;Lorg/apache/maven/model/Reporting;ZLjava/util/Map;)V" line="1303"><counter type="INSTRUCTION" missed="19" covered="0"/><counter type="LINE" missed="4" covered="0"/><counter type="COMPLEXITY" missed="1" covered="0"/><counter type="METHOD" missed="1" covered="0"/></method><method name="mergeReporting_OutputDirectory" desc="(Lorg/apache/maven/model/Reporting;Lorg/apache/maven/model/Reporting;ZLjava/util/Map;)V" line="1311"><counter type="INSTRUCTION" missed="20" covered="0"/><counter type="BRANCH" missed="6" covered="0"/><counter type="LINE" missed="6" covered="0"/><counter type="COMPLEXITY" missed="4" covered="0"/><counter type="METHOD" missed="1" covered="0"/></method><method name="mergeReporting_ExcludeDefaults" desc="(Lorg/apache/maven/model/Reporting;Lorg/apache/maven/model/Reporting;ZLjava/util/Map;)V" line="1325"><counter type="INSTRUCTION" missed="20" covered="0"/><counter type="BRANCH" missed="6" covered="0"/><counter type="LINE" missed="6" covered="0"/><counter type="COMPLEXITY" missed="4" covered="0"/><counter type="METHOD" missed="1" covered="0"/></method><method name="mergeReporting_Plugins" desc="(Lorg/apache/maven/model/Reporting;Lorg/apache/maven/model/Reporting;ZLjava/util/Map;)V" line="1339"><counter type="INSTRUCTION" missed="74" covered="0"/><counter type="BRANCH" missed="10" covered="0"/><counter type="LINE" missed="16" covered="0"/><counter type="COMPLEXITY" missed="6" covered="0"/><counter type="METHOD" missed="1" covered="0"/></method><method name="mergeReportPlugin" desc="(Lorg/apache/maven/model/ReportPlugin;Lorg/apache/maven/model/ReportPlugin;ZLjava/util/Map;)V" line="1368"><counter type="INSTRUCTION" missed="31" covered="0"/><counter type="LINE" missed="6" covered="0"/><counter type="COMPLEXITY" missed="1" covered="0"/><counter type="METHOD" missed="1" covered="0"/></method><method name="mergeReportPlugin_GroupId" desc="(Lorg/apache/maven/model/ReportPlugin;Lorg/apache/maven/model/ReportPlugin;ZLjava/util/Map;)V" line="1378"><counter type="INSTRUCTION" missed="20" covered="0"/><counter type="BRANCH" missed="6" covered="0"/><counter type="LINE" missed="6" covered="0"/><counter type="COMPLEXITY" missed="4" covered="0"/><counter type="METHOD" missed="1" covered="0"/></method><method name="mergeReportPlugin_ArtifactId" desc="(Lorg/apache/maven/model/ReportPlugin;Lorg/apache/maven/model/ReportPlugin;ZLjava/util/Map;)V" line="1392"><counter type="INSTRUCTION" missed="20" covered="0"/><counter type="BRANCH" missed="6" covered="0"/><counter type="LINE" missed="6" covered="0"/><counter type="COMPLEXITY" missed="4" covered="0"/><counter type="METHOD" missed="1" covered="0"/></method><method name="mergeReportPlugin_Version" desc="(Lorg/apache/maven/model/ReportPlugin;Lorg/apache/maven/model/ReportPlugin;ZLjava/util/Map;)V" line="1406"><counter type="INSTRUCTION" missed="20" covered="0"/><counter type="BRANCH" missed="6" covered="0"/><counter type="LINE" missed="6" covered="0"/><counter type="COMPLEXITY" missed="4" covered="0"/><counter type="METHOD" missed="1" covered="0"/></method><method name="mergeReportPlugin_ReportSets" desc="(Lorg/apache/maven/model/ReportPlugin;Lorg/apache/maven/model/ReportPlugin;ZLjava/util/Map;)V" line="1420"><counter type="INSTRUCTION" missed="74" covered="0"/><counter type="BRANCH" missed="10" covered="0"/><counter type="LINE" missed="15" covered="0"/><counter type="COMPLEXITY" missed="6" covered="0"/><counter type="METHOD" missed="1" covered="0"/></method><method name="mergeReportSet" desc="(Lorg/apache/maven/model/ReportSet;Lorg/apache/maven/model/ReportSet;ZLjava/util/Map;)V" line="1448"><counter type="INSTRUCTION" missed="19" covered="0"/><counter type="LINE" missed="4" covered="0"/><counter type="COMPLEXITY" missed="1" covered="0"/><counter type="METHOD" missed="1" covered="0"/></method><method name="mergeReportSet_Id" desc="(Lorg/apache/maven/model/ReportSet;Lorg/apache/maven/model/ReportSet;ZLjava/util/Map;)V" line="1456"><counter type="INSTRUCTION" missed="20" covered="0"/><counter type="BRANCH" missed="6" covered="0"/><counter type="LINE" missed="6" covered="0"/><counter type="COMPLEXITY" missed="4" covered="0"/><counter type="METHOD" missed="1" covered="0"/></method><method name="mergeReportSet_Reports" desc="(Lorg/apache/maven/model/ReportSet;Lorg/apache/maven/model/ReportSet;ZLjava/util/Map;)V" line="1470"><counter type="INSTRUCTION" missed="30" covered="0"/><counter type="BRANCH" missed="2" covered="0"/><counter type="LINE" missed="8" covered="0"/><counter type="COMPLEXITY" missed="2" covered="0"/><counter type="METHOD" missed="1" covered="0"/></method><method name="mergeDependencyManagement" desc="(Lorg/apache/maven/model/DependencyManagement;Lorg/apache/maven/model/DependencyManagement;ZLjava/util/Map;)V" line="1484"><counter type="INSTRUCTION" missed="7" covered="0"/><counter type="LINE" missed="2" covered="0"/><counter type="COMPLEXITY" missed="1" covered="0"/><counter type="METHOD" missed="1" covered="0"/></method><method name="mergeDependencyManagement_Dependencies" desc="(Lorg/apache/maven/model/DependencyManagement;Lorg/apache/maven/model/DependencyManagement;ZLjava/util/Map;)V" line="1490"><counter type="INSTRUCTION" missed="74" covered="0"/><counter type="BRANCH" missed="10" covered="0"/><counter type="LINE" missed="15" covered="0"/><counter type="COMPLEXITY" missed="6" covered="0"/><counter type="METHOD" missed="1" covered="0"/></method><method name="mergeParent" desc="(Lorg/apache/maven/model/Parent;Lorg/apache/maven/model/Parent;ZLjava/util/Map;)V" line="1517"><counter type="INSTRUCTION" missed="25" covered="0"/><counter type="LINE" missed="5" covered="0"/><counter type="COMPLEXITY" missed="1" covered="0"/><counter type="METHOD" missed="1" covered="0"/></method><method name="mergeParent_GroupId" desc="(Lorg/apache/maven/model/Parent;Lorg/apache/maven/model/Parent;ZLjava/util/Map;)V" line="1526"><counter type="INSTRUCTION" missed="20" covered="0"/><counter type="BRANCH" missed="6" covered="0"/><counter type="LINE" missed="6" covered="0"/><counter type="COMPLEXITY" missed="4" covered="0"/><counter type="METHOD" missed="1" covered="0"/></method><method name="mergeParent_ArtifactId" desc="(Lorg/apache/maven/model/Parent;Lorg/apache/maven/model/Parent;ZLjava/util/Map;)V" line="1540"><counter type="INSTRUCTION" missed="20" covered="0"/><counter type="BRANCH" missed="6" covered="0"/><counter type="LINE" missed="6" covered="0"/><counter type="COMPLEXITY" missed="4" covered="0"/><counter type="METHOD" missed="1" covered="0"/></method><method name="mergeParent_Version" desc="(Lorg/apache/maven/model/Parent;Lorg/apache/maven/model/Parent;ZLjava/util/Map;)V" line="1554"><counter type="INSTRUCTION" missed="20" covered="0"/><counter type="BRANCH" missed="6" covered="0"/><counter type="LINE" missed="6" covered="0"/><counter type="COMPLEXITY" missed="4" covered="0"/><counter type="METHOD" missed="1" covered="0"/></method><method name="mergeParent_RelativePath" desc="(Lorg/apache/maven/model/Parent;Lorg/apache/maven/model/Parent;ZLjava/util/Map;)V" line="1568"><counter type="INSTRUCTION" missed="20" covered="0"/><counter type="BRANCH" missed="6" covered="0"/><counter type="LINE" missed="6" covered="0"/><counter type="COMPLEXITY" missed="4" covered="0"/><counter type="METHOD" missed="1" covered="0"/></method><method name="mergeOrganization" desc="(Lorg/apache/maven/model/Organization;Lorg/apache/maven/model/Organization;ZLjava/util/Map;)V" line="1582"><counter type="INSTRUCTION" missed="13" covered="0"/><counter type="LINE" missed="3" covered="0"/><counter type="COMPLEXITY" missed="1" covered="0"/><counter type="METHOD" missed="1" covered="0"/></method><method name="mergeOrganization_Name" desc="(Lorg/apache/maven/model/Organization;Lorg/apache/maven/model/Organization;ZLjava/util/Map;)V" line="1589"><counter type="INSTRUCTION" missed="20" covered="0"/><counter type="BRANCH" missed="6" covered="0"/><counter type="LINE" missed="6" covered="0"/><counter type="COMPLEXITY" missed="4" covered="0"/><counter type="METHOD" missed="1" covered="0"/></method><method name="mergeOrganization_Url" desc="(Lorg/apache/maven/model/Organization;Lorg/apache/maven/model/Organization;ZLjava/util/Map;)V" line="1603"><counter type="INSTRUCTION" missed="20" covered="0"/><counter type="BRANCH" missed="6" covered="0"/><counter type="LINE" missed="6" covered="0"/><counter type="COMPLEXITY" missed="4" covered="0"/><counter type="METHOD" missed="1" covered="0"/></method><method name="mergeLicense" desc="(Lorg/apache/maven/model/License;Lorg/apache/maven/model/License;ZLjava/util/Map;)V" line="1616"><counter type="INSTRUCTION" missed="25" covered="0"/><counter type="LINE" missed="5" covered="0"/><counter type="COMPLEXITY" missed="1" covered="0"/><counter type="METHOD" missed="1" covered="0"/></method><method name="mergeLicense_Name" desc="(Lorg/apache/maven/model/License;Lorg/apache/maven/model/License;ZLjava/util/Map;)V" line="1625"><counter type="INSTRUCTION" missed="20" covered="0"/><counter type="BRANCH" missed="6" covered="0"/><counter type="LINE" missed="6" covered="0"/><counter type="COMPLEXITY" missed="4" covered="0"/><counter type="METHOD" missed="1" covered="0"/></method><method name="mergeLicense_Url" desc="(Lorg/apache/maven/model/License;Lorg/apache/maven/model/License;ZLjava/util/Map;)V" line="1639"><counter type="INSTRUCTION" missed="20" covered="0"/><counter type="BRANCH" missed="6" covered="0"/><counter type="LINE" missed="6" covered="0"/><counter type="COMPLEXITY" missed="4" covered="0"/><counter type="METHOD" missed="1" covered="0"/></method><method name="mergeLicense_Distribution" desc="(Lorg/apache/maven/model/License;Lorg/apache/maven/model/License;ZLjava/util/Map;)V" line="1653"><counter type="INSTRUCTION" missed="20" covered="0"/><counter type="BRANCH" missed="6" covered="0"/><counter type="LINE" missed="6" covered="0"/><counter type="COMPLEXITY" missed="4" covered="0"/><counter type="METHOD" missed="1" covered="0"/></method><method name="mergeLicense_Comments" desc="(Lorg/apache/maven/model/License;Lorg/apache/maven/model/License;ZLjava/util/Map;)V" line="1667"><counter type="INSTRUCTION" missed="20" covered="0"/><counter type="BRANCH" missed="6" covered="0"/><counter type="LINE" missed="6" covered="0"/><counter type="COMPLEXITY" missed="4" covered="0"/><counter type="METHOD" missed="1" covered="0"/></method><method name="mergeMailingList" desc="(Lorg/apache/maven/model/MailingList;Lorg/apache/maven/model/MailingList;ZLjava/util/Map;)V" line="1681"><counter type="INSTRUCTION" missed="31" covered="0"/><counter type="LINE" missed="6" covered="0"/><counter type="COMPLEXITY" missed="1" covered="0"/><counter type="METHOD" missed="1" covered="0"/></method><method name="mergeMailingList_Name" desc="(Lorg/apache/maven/model/MailingList;Lorg/apache/maven/model/MailingList;ZLjava/util/Map;)V" line="1691"><counter type="INSTRUCTION" missed="20" covered="0"/><counter type="BRANCH" missed="6" covered="0"/><counter type="LINE" missed="6" covered="0"/><counter type="COMPLEXITY" missed="4" covered="0"/><counter type="METHOD" missed="1" covered="0"/></method><method name="mergeMailingList_Subscribe" desc="(Lorg/apache/maven/model/MailingList;Lorg/apache/maven/model/MailingList;ZLjava/util/Map;)V" line="1705"><counter type="INSTRUCTION" missed="20" covered="0"/><counter type="BRANCH" missed="6" covered="0"/><counter type="LINE" missed="6" covered="0"/><counter type="COMPLEXITY" missed="4" covered="0"/><counter type="METHOD" missed="1" covered="0"/></method><method name="mergeMailingList_Unsubscribe" desc="(Lorg/apache/maven/model/MailingList;Lorg/apache/maven/model/MailingList;ZLjava/util/Map;)V" line="1719"><counter type="INSTRUCTION" missed="20" covered="0"/><counter type="BRANCH" missed="6" covered="0"/><counter type="LINE" missed="6" covered="0"/><counter type="COMPLEXITY" missed="4" covered="0"/><counter type="METHOD" missed="1" covered="0"/></method><method name="mergeMailingList_Post" desc="(Lorg/apache/maven/model/MailingList;Lorg/apache/maven/model/MailingList;ZLjava/util/Map;)V" line="1733"><counter type="INSTRUCTION" missed="20" covered="0"/><counter type="BRANCH" missed="6" covered="0"/><counter type="LINE" missed="6" covered="0"/><counter type="COMPLEXITY" missed="4" covered="0"/><counter type="METHOD" missed="1" covered="0"/></method><method name="mergeMailingList_Archive" desc="(Lorg/apache/maven/model/MailingList;Lorg/apache/maven/model/MailingList;ZLjava/util/Map;)V" line="1747"><counter type="INSTRUCTION" missed="20" covered="0"/><counter type="BRANCH" missed="6" covered="0"/><counter type="LINE" missed="6" covered="0"/><counter type="COMPLEXITY" missed="4" covered="0"/><counter type="METHOD" missed="1" covered="0"/></method><method name="mergeMailingList_OtherArchives" desc="(Lorg/apache/maven/model/MailingList;Lorg/apache/maven/model/MailingList;ZLjava/util/Map;)V" line="1761"><counter type="INSTRUCTION" missed="30" covered="0"/><counter type="BRANCH" missed="2" covered="0"/><counter type="LINE" missed="8" covered="0"/><counter type="COMPLEXITY" missed="2" covered="0"/><counter type="METHOD" missed="1" covered="0"/></method><method name="mergeDeveloper" desc="(Lorg/apache/maven/model/Developer;Lorg/apache/maven/model/Developer;ZLjava/util/Map;)V" line="1775"><counter type="INSTRUCTION" missed="13" covered="0"/><counter type="LINE" missed="3" covered="0"/><counter type="COMPLEXITY" missed="1" covered="0"/><counter type="METHOD" missed="1" covered="0"/></method><method name="mergeDeveloper_Id" desc="(Lorg/apache/maven/model/Developer;Lorg/apache/maven/model/Developer;ZLjava/util/Map;)V" line="1782"><counter type="INSTRUCTION" missed="20" covered="0"/><counter type="BRANCH" missed="6" covered="0"/><counter type="LINE" missed="6" covered="0"/><counter type="COMPLEXITY" missed="4" covered="0"/><counter type="METHOD" missed="1" covered="0"/></method><method name="mergeContributor" desc="(Lorg/apache/maven/model/Contributor;Lorg/apache/maven/model/Contributor;ZLjava/util/Map;)V" line="1796"><counter type="INSTRUCTION" missed="49" covered="0"/><counter type="LINE" missed="9" covered="0"/><counter type="COMPLEXITY" missed="1" covered="0"/><counter type="METHOD" missed="1" covered="0"/></method><method name="mergeContributor_Name" desc="(Lorg/apache/maven/model/Contributor;Lorg/apache/maven/model/Contributor;ZLjava/util/Map;)V" line="1809"><counter type="INSTRUCTION" missed="20" covered="0"/><counter type="BRANCH" missed="6" covered="0"/><counter type="LINE" missed="6" covered="0"/><counter type="COMPLEXITY" missed="4" covered="0"/><counter type="METHOD" missed="1" covered="0"/></method><method name="mergeContributor_Email" desc="(Lorg/apache/maven/model/Contributor;Lorg/apache/maven/model/Contributor;ZLjava/util/Map;)V" line="1823"><counter type="INSTRUCTION" missed="20" covered="0"/><counter type="BRANCH" missed="6" covered="0"/><counter type="LINE" missed="6" covered="0"/><counter type="COMPLEXITY" missed="4" covered="0"/><counter type="METHOD" missed="1" covered="0"/></method><method name="mergeContributor_Url" desc="(Lorg/apache/maven/model/Contributor;Lorg/apache/maven/model/Contributor;ZLjava/util/Map;)V" line="1837"><counter type="INSTRUCTION" missed="20" covered="0"/><counter type="BRANCH" missed="6" covered="0"/><counter type="LINE" missed="6" covered="0"/><counter type="COMPLEXITY" missed="4" covered="0"/><counter type="METHOD" missed="1" covered="0"/></method><method name="mergeContributor_Organization" desc="(Lorg/apache/maven/model/Contributor;Lorg/apache/maven/model/Contributor;ZLjava/util/Map;)V" line="1851"><counter type="INSTRUCTION" missed="20" covered="0"/><counter type="BRANCH" missed="6" covered="0"/><counter type="LINE" missed="6" covered="0"/><counter type="COMPLEXITY" missed="4" covered="0"/><counter type="METHOD" missed="1" covered="0"/></method><method name="mergeContributor_OrganizationUrl" desc="(Lorg/apache/maven/model/Contributor;Lorg/apache/maven/model/Contributor;ZLjava/util/Map;)V" line="1865"><counter type="INSTRUCTION" missed="20" covered="0"/><counter type="BRANCH" missed="6" covered="0"/><counter type="LINE" missed="6" covered="0"/><counter type="COMPLEXITY" missed="4" covered="0"/><counter type="METHOD" missed="1" covered="0"/></method><method name="mergeContributor_Timezone" desc="(Lorg/apache/maven/model/Contributor;Lorg/apache/maven/model/Contributor;ZLjava/util/Map;)V" line="1879"><counter type="INSTRUCTION" missed="20" covered="0"/><counter type="BRANCH" missed="6" covered="0"/><counter type="LINE" missed="6" covered="0"/><counter type="COMPLEXITY" missed="4" covered="0"/><counter type="METHOD" missed="1" covered="0"/></method><method name="mergeContributor_Roles" desc="(Lorg/apache/maven/model/Contributor;Lorg/apache/maven/model/Contributor;ZLjava/util/Map;)V" line="1893"><counter type="INSTRUCTION" missed="30" covered="0"/><counter type="BRANCH" missed="2" covered="0"/><counter type="LINE" missed="8" covered="0"/><counter type="COMPLEXITY" missed="2" covered="0"/><counter type="METHOD" missed="1" covered="0"/></method><method name="mergeContributor_Properties" desc="(Lorg/apache/maven/model/Contributor;Lorg/apache/maven/model/Contributor;ZLjava/util/Map;)V" line="1907"><counter type="INSTRUCTION" missed="38" covered="0"/><counter type="BRANCH" missed="2" covered="0"/><counter type="LINE" missed="10" covered="0"/><counter type="COMPLEXITY" missed="2" covered="0"/><counter type="METHOD" missed="1" covered="0"/></method><method name="mergeIssueManagement" desc="(Lorg/apache/maven/model/IssueManagement;Lorg/apache/maven/model/IssueManagement;ZLjava/util/Map;)V" line="1926"><counter type="INSTRUCTION" missed="13" covered="0"/><counter type="LINE" missed="3" covered="0"/><counter type="COMPLEXITY" missed="1" covered="0"/><counter type="METHOD" missed="1" covered="0"/></method><method name="mergeIssueManagement_System" desc="(Lorg/apache/maven/model/IssueManagement;Lorg/apache/maven/model/IssueManagement;ZLjava/util/Map;)V" line="1933"><counter type="INSTRUCTION" missed="20" covered="0"/><counter type="BRANCH" missed="6" covered="0"/><counter type="LINE" missed="6" covered="0"/><counter type="COMPLEXITY" missed="4" covered="0"/><counter type="METHOD" missed="1" covered="0"/></method><method name="mergeIssueManagement_Url" desc="(Lorg/apache/maven/model/IssueManagement;Lorg/apache/maven/model/IssueManagement;ZLjava/util/Map;)V" line="1947"><counter type="INSTRUCTION" missed="20" covered="0"/><counter type="BRANCH" missed="6" covered="0"/><counter type="LINE" missed="6" covered="0"/><counter type="COMPLEXITY" missed="4" covered="0"/><counter type="METHOD" missed="1" covered="0"/></method><method name="mergeScm" desc="(Lorg/apache/maven/model/Scm;Lorg/apache/maven/model/Scm;ZLjava/util/Map;)V" line="1960"><counter type="INSTRUCTION" missed="43" covered="0"/><counter type="LINE" missed="8" covered="0"/><counter type="COMPLEXITY" missed="1" covered="0"/><counter type="METHOD" missed="1" covered="0"/></method><method name="mergeScm_ChildScmConnectionInheritAppendPath" desc="(Lorg/apache/maven/model/Scm;Lorg/apache/maven/model/Scm;ZLjava/util/Map;)V" line="1972"><counter type="INSTRUCTION" missed="20" covered="0"/><counter type="BRANCH" missed="6" covered="0"/><counter type="LINE" missed="7" covered="0"/><counter type="COMPLEXITY" missed="4" covered="0"/><counter type="METHOD" missed="1" covered="0"/></method><method name="mergeScm_ChildScmDeveloperConnectionInheritAppendPath" desc="(Lorg/apache/maven/model/Scm;Lorg/apache/maven/model/Scm;ZLjava/util/Map;)V" line="1988"><counter type="INSTRUCTION" missed="20" covered="0"/><counter type="BRANCH" missed="6" covered="0"/><counter type="LINE" missed="7" covered="0"/><counter type="COMPLEXITY" missed="4" covered="0"/><counter type="METHOD" missed="1" covered="0"/></method><method name="mergeScm_ChildScmUrlInheritAppendPath" desc="(Lorg/apache/maven/model/Scm;Lorg/apache/maven/model/Scm;ZLjava/util/Map;)V" line="2003"><counter type="INSTRUCTION" missed="20" covered="0"/><counter type="BRANCH" missed="6" covered="0"/><counter type="LINE" missed="7" covered="0"/><counter type="COMPLEXITY" missed="4" covered="0"/><counter type="METHOD" missed="1" covered="0"/></method><method name="mergeScm_Url" desc="(Lorg/apache/maven/model/Scm;Lorg/apache/maven/model/Scm;ZLjava/util/Map;)V" line="2017"><counter type="INSTRUCTION" missed="20" covered="0"/><counter type="BRANCH" missed="6" covered="0"/><counter type="LINE" missed="6" covered="0"/><counter type="COMPLEXITY" missed="4" covered="0"/><counter type="METHOD" missed="1" covered="0"/></method><method name="mergeScm_Connection" desc="(Lorg/apache/maven/model/Scm;Lorg/apache/maven/model/Scm;ZLjava/util/Map;)V" line="2030"><counter type="INSTRUCTION" missed="20" covered="0"/><counter type="BRANCH" missed="6" covered="0"/><counter type="LINE" missed="6" covered="0"/><counter type="COMPLEXITY" missed="4" covered="0"/><counter type="METHOD" missed="1" covered="0"/></method><method name="mergeScm_DeveloperConnection" desc="(Lorg/apache/maven/model/Scm;Lorg/apache/maven/model/Scm;ZLjava/util/Map;)V" line="2044"><counter type="INSTRUCTION" missed="20" covered="0"/><counter type="BRANCH" missed="6" covered="0"/><counter type="LINE" missed="6" covered="0"/><counter type="COMPLEXITY" missed="4" covered="0"/><counter type="METHOD" missed="1" covered="0"/></method><method name="mergeScm_Tag" desc="(Lorg/apache/maven/model/Scm;Lorg/apache/maven/model/Scm;ZLjava/util/Map;)V" line="2057"><counter type="INSTRUCTION" missed="20" covered="0"/><counter type="BRANCH" missed="6" covered="0"/><counter type="LINE" missed="6" covered="0"/><counter type="COMPLEXITY" missed="4" covered="0"/><counter type="METHOD" missed="1" covered="0"/></method><method name="mergeCiManagement" desc="(Lorg/apache/maven/model/CiManagement;Lorg/apache/maven/model/CiManagement;ZLjava/util/Map;)V" line="2071"><counter type="INSTRUCTION" missed="19" covered="0"/><counter type="LINE" missed="4" covered="0"/><counter type="COMPLEXITY" missed="1" covered="0"/><counter type="METHOD" missed="1" covered="0"/></method><method name="mergeCiManagement_System" desc="(Lorg/apache/maven/model/CiManagement;Lorg/apache/maven/model/CiManagement;ZLjava/util/Map;)V" line="2079"><counter type="INSTRUCTION" missed="20" covered="0"/><counter type="BRANCH" missed="6" covered="0"/><counter type="LINE" missed="6" covered="0"/><counter type="COMPLEXITY" missed="4" covered="0"/><counter type="METHOD" missed="1" covered="0"/></method><method name="mergeCiManagement_Url" desc="(Lorg/apache/maven/model/CiManagement;Lorg/apache/maven/model/CiManagement;ZLjava/util/Map;)V" line="2093"><counter type="INSTRUCTION" missed="20" covered="0"/><counter type="BRANCH" missed="6" covered="0"/><counter type="LINE" missed="6" covered="0"/><counter type="COMPLEXITY" missed="4" covered="0"/><counter type="METHOD" missed="1" covered="0"/></method><method name="mergeCiManagement_Notifiers" desc="(Lorg/apache/maven/model/CiManagement;Lorg/apache/maven/model/CiManagement;ZLjava/util/Map;)V" line="2107"><counter type="INSTRUCTION" missed="74" covered="0"/><counter type="BRANCH" missed="10" covered="0"/><counter type="LINE" missed="15" covered="0"/><counter type="COMPLEXITY" missed="6" covered="0"/><counter type="METHOD" missed="1" covered="0"/></method><method name="mergeNotifier" desc="(Lorg/apache/maven/model/Notifier;Lorg/apache/maven/model/Notifier;ZLjava/util/Map;)V" line="2135"><counter type="INSTRUCTION" missed="43" covered="0"/><counter type="LINE" missed="8" covered="0"/><counter type="COMPLEXITY" missed="1" covered="0"/><counter type="METHOD" missed="1" covered="0"/></method><method name="mergeNotifier_Type" desc="(Lorg/apache/maven/model/Notifier;Lorg/apache/maven/model/Notifier;ZLjava/util/Map;)V" line="2147"><counter type="INSTRUCTION" missed="14" covered="0"/><counter type="BRANCH" missed="6" covered="0"/><counter type="LINE" missed="5" covered="0"/><counter type="COMPLEXITY" missed="4" covered="0"/><counter type="METHOD" missed="1" covered="0"/></method><method name="mergeNotifier_Address" desc="(Lorg/apache/maven/model/Notifier;Lorg/apache/maven/model/Notifier;ZLjava/util/Map;)V" line="2160"><counter type="INSTRUCTION" missed="14" covered="0"/><counter type="BRANCH" missed="6" covered="0"/><counter type="LINE" missed="5" covered="0"/><counter type="COMPLEXITY" missed="4" covered="0"/><counter type="METHOD" missed="1" covered="0"/></method><method name="mergeNotifier_Configuration" desc="(Lorg/apache/maven/model/Notifier;Lorg/apache/maven/model/Notifier;ZLjava/util/Map;)V" line="2173"><counter type="INSTRUCTION" missed="27" covered="0"/><counter type="BRANCH" missed="2" covered="0"/><counter type="LINE" missed="8" covered="0"/><counter type="COMPLEXITY" missed="2" covered="0"/><counter type="METHOD" missed="1" covered="0"/></method><method name="mergeNotifier_SendOnError" desc="(Lorg/apache/maven/model/Notifier;Lorg/apache/maven/model/Notifier;ZLjava/util/Map;)V" line="2190"><counter type="INSTRUCTION" missed="7" covered="0"/><counter type="BRANCH" missed="2" covered="0"/><counter type="LINE" missed="3" covered="0"/><counter type="COMPLEXITY" missed="2" covered="0"/><counter type="METHOD" missed="1" covered="0"/></method><method name="mergeNotifier_SendOnFailure" desc="(Lorg/apache/maven/model/Notifier;Lorg/apache/maven/model/Notifier;ZLjava/util/Map;)V" line="2199"><counter type="INSTRUCTION" missed="7" covered="0"/><counter type="BRANCH" missed="2" covered="0"/><counter type="LINE" missed="3" covered="0"/><counter type="COMPLEXITY" missed="2" covered="0"/><counter type="METHOD" missed="1" covered="0"/></method><method name="mergeNotifier_SendOnSuccess" desc="(Lorg/apache/maven/model/Notifier;Lorg/apache/maven/model/Notifier;ZLjava/util/Map;)V" line="2208"><counter type="INSTRUCTION" missed="7" covered="0"/><counter type="BRANCH" missed="2" covered="0"/><counter type="LINE" missed="3" covered="0"/><counter type="COMPLEXITY" missed="2" covered="0"/><counter type="METHOD" missed="1" covered="0"/></method><method name="mergeNotifier_SendOnWarning" desc="(Lorg/apache/maven/model/Notifier;Lorg/apache/maven/model/Notifier;ZLjava/util/Map;)V" line="2217"><counter type="INSTRUCTION" missed="7" covered="0"/><counter type="BRANCH" missed="2" covered="0"/><counter type="LINE" missed="3" covered="0"/><counter type="COMPLEXITY" missed="2" covered="0"/><counter type="METHOD" missed="1" covered="0"/></method><method name="mergePrerequisites" desc="(Lorg/apache/maven/model/Prerequisites;Lorg/apache/maven/model/Prerequisites;ZLjava/util/Map;)V" line="2226"><counter type="INSTRUCTION" missed="7" covered="0"/><counter type="LINE" missed="2" covered="0"/><counter type="COMPLEXITY" missed="1" covered="0"/><counter type="METHOD" missed="1" covered="0"/></method><method name="mergePrerequisites_Maven" desc="(Lorg/apache/maven/model/Prerequisites;Lorg/apache/maven/model/Prerequisites;ZLjava/util/Map;)V" line="2232"><counter type="INSTRUCTION" missed="20" covered="0"/><counter type="BRANCH" missed="6" covered="0"/><counter type="LINE" missed="6" covered="0"/><counter type="COMPLEXITY" missed="4" covered="0"/><counter type="METHOD" missed="1" covered="0"/></method><method name="mergeBuild" desc="(Lorg/apache/maven/model/Build;Lorg/apache/maven/model/Build;ZLjava/util/Map;)V" line="2245"><counter type="INSTRUCTION" missed="43" covered="0"/><counter type="LINE" missed="8" covered="0"/><counter type="COMPLEXITY" missed="1" covered="0"/><counter type="METHOD" missed="1" covered="0"/></method><method name="mergeBuild_SourceDirectory" desc="(Lorg/apache/maven/model/Build;Lorg/apache/maven/model/Build;ZLjava/util/Map;)V" line="2257"><counter type="INSTRUCTION" missed="20" covered="0"/><counter type="BRANCH" missed="6" covered="0"/><counter type="LINE" missed="6" covered="0"/><counter type="COMPLEXITY" missed="4" covered="0"/><counter type="METHOD" missed="1" covered="0"/></method><method name="mergeBuild_ScriptSourceDirectory" desc="(Lorg/apache/maven/model/Build;Lorg/apache/maven/model/Build;ZLjava/util/Map;)V" line="2271"><counter type="INSTRUCTION" missed="20" covered="0"/><counter type="BRANCH" missed="6" covered="0"/><counter type="LINE" missed="6" covered="0"/><counter type="COMPLEXITY" missed="4" covered="0"/><counter type="METHOD" missed="1" covered="0"/></method><method name="mergeBuild_TestSourceDirectory" desc="(Lorg/apache/maven/model/Build;Lorg/apache/maven/model/Build;ZLjava/util/Map;)V" line="2285"><counter type="INSTRUCTION" missed="20" covered="0"/><counter type="BRANCH" missed="6" covered="0"/><counter type="LINE" missed="6" covered="0"/><counter type="COMPLEXITY" missed="4" covered="0"/><counter type="METHOD" missed="1" covered="0"/></method><method name="mergeBuild_OutputDirectory" desc="(Lorg/apache/maven/model/Build;Lorg/apache/maven/model/Build;ZLjava/util/Map;)V" line="2299"><counter type="INSTRUCTION" missed="20" covered="0"/><counter type="BRANCH" missed="6" covered="0"/><counter type="LINE" missed="6" covered="0"/><counter type="COMPLEXITY" missed="4" covered="0"/><counter type="METHOD" missed="1" covered="0"/></method><method name="mergeBuild_TestOutputDirectory" desc="(Lorg/apache/maven/model/Build;Lorg/apache/maven/model/Build;ZLjava/util/Map;)V" line="2313"><counter type="INSTRUCTION" missed="20" covered="0"/><counter type="BRANCH" missed="6" covered="0"/><counter type="LINE" missed="6" covered="0"/><counter type="COMPLEXITY" missed="4" covered="0"/><counter type="METHOD" missed="1" covered="0"/></method><method name="mergeBuild_Extensions" desc="(Lorg/apache/maven/model/Build;Lorg/apache/maven/model/Build;ZLjava/util/Map;)V" line="2327"><counter type="INSTRUCTION" missed="74" covered="0"/><counter type="BRANCH" missed="10" covered="0"/><counter type="LINE" missed="15" covered="0"/><counter type="COMPLEXITY" missed="6" covered="0"/><counter type="METHOD" missed="1" covered="0"/></method><method name="mergeExtension" desc="(Lorg/apache/maven/model/Extension;Lorg/apache/maven/model/Extension;ZLjava/util/Map;)V" line="2355"><counter type="INSTRUCTION" missed="19" covered="0"/><counter type="LINE" missed="4" covered="0"/><counter type="COMPLEXITY" missed="1" covered="0"/><counter type="METHOD" missed="1" covered="0"/></method><method name="mergeExtension_GroupId" desc="(Lorg/apache/maven/model/Extension;Lorg/apache/maven/model/Extension;ZLjava/util/Map;)V" line="2363"><counter type="INSTRUCTION" missed="20" covered="0"/><counter type="BRANCH" missed="6" covered="0"/><counter type="LINE" missed="6" covered="0"/><counter type="COMPLEXITY" missed="4" covered="0"/><counter type="METHOD" missed="1" covered="0"/></method><method name="mergeExtension_ArtifactId" desc="(Lorg/apache/maven/model/Extension;Lorg/apache/maven/model/Extension;ZLjava/util/Map;)V" line="2377"><counter type="INSTRUCTION" missed="20" covered="0"/><counter type="BRANCH" missed="6" covered="0"/><counter type="LINE" missed="6" covered="0"/><counter type="COMPLEXITY" missed="4" covered="0"/><counter type="METHOD" missed="1" covered="0"/></method><method name="mergeExtension_Version" desc="(Lorg/apache/maven/model/Extension;Lorg/apache/maven/model/Extension;ZLjava/util/Map;)V" line="2391"><counter type="INSTRUCTION" missed="20" covered="0"/><counter type="BRANCH" missed="6" covered="0"/><counter type="LINE" missed="6" covered="0"/><counter type="COMPLEXITY" missed="4" covered="0"/><counter type="METHOD" missed="1" covered="0"/></method><method name="mergeBuildBase" desc="(Lorg/apache/maven/model/BuildBase;Lorg/apache/maven/model/BuildBase;ZLjava/util/Map;)V" line="2405"><counter type="INSTRUCTION" missed="43" covered="0"/><counter type="LINE" missed="8" covered="0"/><counter type="COMPLEXITY" missed="1" covered="0"/><counter type="METHOD" missed="1" covered="0"/></method><method name="mergeBuildBase_DefaultGoal" desc="(Lorg/apache/maven/model/BuildBase;Lorg/apache/maven/model/BuildBase;ZLjava/util/Map;)V" line="2417"><counter type="INSTRUCTION" missed="20" covered="0"/><counter type="BRANCH" missed="6" covered="0"/><counter type="LINE" missed="6" covered="0"/><counter type="COMPLEXITY" missed="4" covered="0"/><counter type="METHOD" missed="1" covered="0"/></method><method name="mergeBuildBase_Directory" desc="(Lorg/apache/maven/model/BuildBase;Lorg/apache/maven/model/BuildBase;ZLjava/util/Map;)V" line="2431"><counter type="INSTRUCTION" missed="20" covered="0"/><counter type="BRANCH" missed="6" covered="0"/><counter type="LINE" missed="6" covered="0"/><counter type="COMPLEXITY" missed="4" covered="0"/><counter type="METHOD" missed="1" covered="0"/></method><method name="mergeBuildBase_FinalName" desc="(Lorg/apache/maven/model/BuildBase;Lorg/apache/maven/model/BuildBase;ZLjava/util/Map;)V" line="2445"><counter type="INSTRUCTION" missed="20" covered="0"/><counter type="BRANCH" missed="6" covered="0"/><counter type="LINE" missed="6" covered="0"/><counter type="COMPLEXITY" missed="4" covered="0"/><counter type="METHOD" missed="1" covered="0"/></method><method name="mergeBuildBase_Filters" desc="(Lorg/apache/maven/model/BuildBase;Lorg/apache/maven/model/BuildBase;ZLjava/util/Map;)V" line="2459"><counter type="INSTRUCTION" missed="30" covered="0"/><counter type="BRANCH" missed="2" covered="0"/><counter type="LINE" missed="8" covered="0"/><counter type="COMPLEXITY" missed="2" covered="0"/><counter type="METHOD" missed="1" covered="0"/></method><method name="mergeBuildBase_Resources" desc="(Lorg/apache/maven/model/BuildBase;Lorg/apache/maven/model/BuildBase;ZLjava/util/Map;)V" line="2473"><counter type="INSTRUCTION" missed="74" covered="0"/><counter type="BRANCH" missed="10" covered="0"/><counter type="LINE" missed="15" covered="0"/><counter type="COMPLEXITY" missed="6" covered="0"/><counter type="METHOD" missed="1" covered="0"/></method><method name="mergeBuildBase_TestResources" desc="(Lorg/apache/maven/model/BuildBase;Lorg/apache/maven/model/BuildBase;ZLjava/util/Map;)V" line="2501"><counter type="INSTRUCTION" missed="74" covered="0"/><counter type="BRANCH" missed="10" covered="0"/><counter type="LINE" missed="15" covered="0"/><counter type="COMPLEXITY" missed="6" covered="0"/><counter type="METHOD" missed="1" covered="0"/></method><method name="mergePluginConfiguration" desc="(Lorg/apache/maven/model/PluginConfiguration;Lorg/apache/maven/model/PluginConfiguration;ZLjava/util/Map;)V" line="2529"><counter type="INSTRUCTION" missed="13" covered="0"/><counter type="LINE" missed="3" covered="0"/><counter type="COMPLEXITY" missed="1" covered="0"/><counter type="METHOD" missed="1" covered="0"/></method><method name="mergePluginConfiguration_PluginManagement" desc="(Lorg/apache/maven/model/PluginConfiguration;Lorg/apache/maven/model/PluginConfiguration;ZLjava/util/Map;)V" line="2536"><counter type="INSTRUCTION" missed="24" covered="0"/><counter type="BRANCH" missed="4" covered="0"/><counter type="LINE" missed="8" covered="0"/><counter type="COMPLEXITY" missed="3" covered="0"/><counter type="METHOD" missed="1" covered="0"/></method><method name="mergePluginContainer" desc="(Lorg/apache/maven/model/PluginContainer;Lorg/apache/maven/model/PluginContainer;ZLjava/util/Map;)V" line="2552"><counter type="INSTRUCTION" missed="7" covered="0"/><counter type="LINE" missed="2" covered="0"/><counter type="COMPLEXITY" missed="1" covered="0"/><counter type="METHOD" missed="1" covered="0"/></method><method name="mergePluginContainer_Plugins" desc="(Lorg/apache/maven/model/PluginContainer;Lorg/apache/maven/model/PluginContainer;ZLjava/util/Map;)V" line="2558"><counter type="INSTRUCTION" missed="74" covered="0"/><counter type="BRANCH" missed="10" covered="0"/><counter type="LINE" missed="15" covered="0"/><counter type="COMPLEXITY" missed="6" covered="0"/><counter type="METHOD" missed="1" covered="0"/></method><method name="mergePluginManagement" desc="(Lorg/apache/maven/model/PluginManagement;Lorg/apache/maven/model/PluginManagement;ZLjava/util/Map;)V" line="2586"><counter type="INSTRUCTION" missed="7" covered="0"/><counter type="LINE" missed="2" covered="0"/><counter type="COMPLEXITY" missed="1" covered="0"/><counter type="METHOD" missed="1" covered="0"/></method><method name="mergePlugin" desc="(Lorg/apache/maven/model/Plugin;Lorg/apache/maven/model/Plugin;ZLjava/util/Map;)V" line="2591"><counter type="INSTRUCTION" missed="43" covered="0"/><counter type="LINE" missed="8" covered="0"/><counter type="COMPLEXITY" missed="1" covered="0"/><counter type="METHOD" missed="1" covered="0"/></method><method name="mergePlugin_GroupId" desc="(Lorg/apache/maven/model/Plugin;Lorg/apache/maven/model/Plugin;ZLjava/util/Map;)V" line="2603"><counter type="INSTRUCTION" missed="20" covered="0"/><counter type="BRANCH" missed="6" covered="0"/><counter type="LINE" missed="6" covered="0"/><counter type="COMPLEXITY" missed="4" covered="0"/><counter type="METHOD" missed="1" covered="0"/></method><method name="mergePlugin_ArtifactId" desc="(Lorg/apache/maven/model/Plugin;Lorg/apache/maven/model/Plugin;ZLjava/util/Map;)V" line="2617"><counter type="INSTRUCTION" missed="20" covered="0"/><counter type="BRANCH" missed="6" covered="0"/><counter type="LINE" missed="6" covered="0"/><counter type="COMPLEXITY" missed="4" covered="0"/><counter type="METHOD" missed="1" covered="0"/></method><method name="mergePlugin_Version" desc="(Lorg/apache/maven/model/Plugin;Lorg/apache/maven/model/Plugin;ZLjava/util/Map;)V" line="2631"><counter type="INSTRUCTION" missed="20" covered="0"/><counter type="BRANCH" missed="6" covered="0"/><counter type="LINE" missed="6" covered="0"/><counter type="COMPLEXITY" missed="4" covered="0"/><counter type="METHOD" missed="1" covered="0"/></method><method name="mergePlugin_Extensions" desc="(Lorg/apache/maven/model/Plugin;Lorg/apache/maven/model/Plugin;ZLjava/util/Map;)V" line="2645"><counter type="INSTRUCTION" missed="20" covered="0"/><counter type="BRANCH" missed="6" covered="0"/><counter type="LINE" missed="6" covered="0"/><counter type="COMPLEXITY" missed="4" covered="0"/><counter type="METHOD" missed="1" covered="0"/></method><method name="mergePlugin_Dependencies" desc="(Lorg/apache/maven/model/Plugin;Lorg/apache/maven/model/Plugin;ZLjava/util/Map;)V" line="2659"><counter type="INSTRUCTION" missed="74" covered="0"/><counter type="BRANCH" missed="10" covered="0"/><counter type="LINE" missed="15" covered="0"/><counter type="COMPLEXITY" missed="6" covered="0"/><counter type="METHOD" missed="1" covered="0"/></method><method name="mergePlugin_Executions" desc="(Lorg/apache/maven/model/Plugin;Lorg/apache/maven/model/Plugin;ZLjava/util/Map;)V" line="2687"><counter type="INSTRUCTION" missed="74" covered="0"/><counter type="BRANCH" missed="10" covered="0"/><counter type="LINE" missed="16" covered="0"/><counter type="COMPLEXITY" missed="6" covered="0"/><counter type="METHOD" missed="1" covered="0"/></method><method name="mergeConfigurationContainer" desc="(Lorg/apache/maven/model/ConfigurationContainer;Lorg/apache/maven/model/ConfigurationContainer;ZLjava/util/Map;)V" line="2717"><counter type="INSTRUCTION" missed="13" covered="0"/><counter type="LINE" missed="3" covered="0"/><counter type="COMPLEXITY" missed="1" covered="0"/><counter type="METHOD" missed="1" covered="0"/></method><method name="mergeConfigurationContainer_Inherited" desc="(Lorg/apache/maven/model/ConfigurationContainer;Lorg/apache/maven/model/ConfigurationContainer;ZLjava/util/Map;)V" line="2724"><counter type="INSTRUCTION" missed="20" covered="0"/><counter type="BRANCH" missed="6" covered="0"/><counter type="LINE" missed="6" covered="0"/><counter type="COMPLEXITY" missed="4" covered="0"/><counter type="METHOD" missed="1" covered="0"/></method><method name="mergeConfigurationContainer_Configuration" desc="(Lorg/apache/maven/model/ConfigurationContainer;Lorg/apache/maven/model/ConfigurationContainer;ZLjava/util/Map;)V" line="2739"><counter type="INSTRUCTION" missed="30" covered="0"/><counter type="BRANCH" missed="6" covered="0"/><counter type="LINE" missed="8" covered="0"/><counter type="COMPLEXITY" missed="4" covered="0"/><counter type="METHOD" missed="1" covered="0"/></method><method name="mergePluginExecution" desc="(Lorg/apache/maven/model/PluginExecution;Lorg/apache/maven/model/PluginExecution;ZLjava/util/Map;)V" line="2758"><counter type="INSTRUCTION" missed="25" covered="0"/><counter type="LINE" missed="5" covered="0"/><counter type="COMPLEXITY" missed="1" covered="0"/><counter type="METHOD" missed="1" covered="0"/></method><method name="mergePluginExecution_Id" desc="(Lorg/apache/maven/model/PluginExecution;Lorg/apache/maven/model/PluginExecution;ZLjava/util/Map;)V" line="2767"><counter type="INSTRUCTION" missed="20" covered="0"/><counter type="BRANCH" missed="6" covered="0"/><counter type="LINE" missed="6" covered="0"/><counter type="COMPLEXITY" missed="4" covered="0"/><counter type="METHOD" missed="1" covered="0"/></method><method name="mergePluginExecution_Phase" desc="(Lorg/apache/maven/model/PluginExecution;Lorg/apache/maven/model/PluginExecution;ZLjava/util/Map;)V" line="2781"><counter type="INSTRUCTION" missed="20" covered="0"/><counter type="BRANCH" missed="6" covered="0"/><counter type="LINE" missed="6" covered="0"/><counter type="COMPLEXITY" missed="4" covered="0"/><counter type="METHOD" missed="1" covered="0"/></method><method name="mergePluginExecution_Goals" desc="(Lorg/apache/maven/model/PluginExecution;Lorg/apache/maven/model/PluginExecution;ZLjava/util/Map;)V" line="2795"><counter type="INSTRUCTION" missed="30" covered="0"/><counter type="BRANCH" missed="2" covered="0"/><counter type="LINE" missed="8" covered="0"/><counter type="COMPLEXITY" missed="2" covered="0"/><counter type="METHOD" missed="1" covered="0"/></method><method name="mergeResource" desc="(Lorg/apache/maven/model/Resource;Lorg/apache/maven/model/Resource;ZLjava/util/Map;)V" line="2809"><counter type="INSTRUCTION" missed="25" covered="0"/><counter type="LINE" missed="5" covered="0"/><counter type="COMPLEXITY" missed="1" covered="0"/><counter type="METHOD" missed="1" covered="0"/></method><method name="mergeResource_TargetPath" desc="(Lorg/apache/maven/model/Resource;Lorg/apache/maven/model/Resource;ZLjava/util/Map;)V" line="2818"><counter type="INSTRUCTION" missed="20" covered="0"/><counter type="BRANCH" missed="6" covered="0"/><counter type="LINE" missed="6" covered="0"/><counter type="COMPLEXITY" missed="4" covered="0"/><counter type="METHOD" missed="1" covered="0"/></method><method name="mergeResource_Filtering" desc="(Lorg/apache/maven/model/Resource;Lorg/apache/maven/model/Resource;ZLjava/util/Map;)V" line="2832"><counter type="INSTRUCTION" missed="20" covered="0"/><counter type="BRANCH" missed="6" covered="0"/><counter type="LINE" missed="6" covered="0"/><counter type="COMPLEXITY" missed="4" covered="0"/><counter type="METHOD" missed="1" covered="0"/></method><method name="mergeResource_MergeId" desc="(Lorg/apache/maven/model/Resource;Lorg/apache/maven/model/Resource;ZLjava/util/Map;)V" line="2846"><counter type="INSTRUCTION" missed="14" covered="0"/><counter type="BRANCH" missed="6" covered="0"/><counter type="LINE" missed="5" covered="0"/><counter type="COMPLEXITY" missed="4" covered="0"/><counter type="METHOD" missed="1" covered="0"/></method><method name="mergeFileSet" desc="(Lorg/apache/maven/model/FileSet;Lorg/apache/maven/model/FileSet;ZLjava/util/Map;)V" line="2858"><counter type="INSTRUCTION" missed="13" covered="0"/><counter type="LINE" missed="3" covered="0"/><counter type="COMPLEXITY" missed="1" covered="0"/><counter type="METHOD" missed="1" covered="0"/></method><method name="mergeFileSet_Directory" desc="(Lorg/apache/maven/model/FileSet;Lorg/apache/maven/model/FileSet;ZLjava/util/Map;)V" line="2865"><counter type="INSTRUCTION" missed="20" covered="0"/><counter type="BRANCH" missed="6" covered="0"/><counter type="LINE" missed="6" covered="0"/><counter type="COMPLEXITY" missed="4" covered="0"/><counter type="METHOD" missed="1" covered="0"/></method><method name="mergePatternSet" desc="(Lorg/apache/maven/model/PatternSet;Lorg/apache/maven/model/PatternSet;ZLjava/util/Map;)V" line="2879"><counter type="INSTRUCTION" missed="13" covered="0"/><counter type="LINE" missed="3" covered="0"/><counter type="COMPLEXITY" missed="1" covered="0"/><counter type="METHOD" missed="1" covered="0"/></method><method name="mergePatternSet_Includes" desc="(Lorg/apache/maven/model/PatternSet;Lorg/apache/maven/model/PatternSet;ZLjava/util/Map;)V" line="2886"><counter type="INSTRUCTION" missed="30" covered="0"/><counter type="BRANCH" missed="2" covered="0"/><counter type="LINE" missed="8" covered="0"/><counter type="COMPLEXITY" missed="2" covered="0"/><counter type="METHOD" missed="1" covered="0"/></method><method name="mergePatternSet_Excludes" desc="(Lorg/apache/maven/model/PatternSet;Lorg/apache/maven/model/PatternSet;ZLjava/util/Map;)V" line="2900"><counter type="INSTRUCTION" missed="30" covered="0"/><counter type="BRANCH" missed="2" covered="0"/><counter type="LINE" missed="8" covered="0"/><counter type="COMPLEXITY" missed="2" covered="0"/><counter type="METHOD" missed="1" covered="0"/></method><method name="mergeProfile" desc="(Lorg/apache/maven/model/Profile;Lorg/apache/maven/model/Profile;ZLjava/util/Map;)V" line="2913"><counter type="INSTRUCTION" missed="7" covered="0"/><counter type="LINE" missed="2" covered="0"/><counter type="COMPLEXITY" missed="1" covered="0"/><counter type="METHOD" missed="1" covered="0"/></method><method name="mergeActivation" desc="(Lorg/apache/maven/model/Activation;Lorg/apache/maven/model/Activation;ZLjava/util/Map;)V" line="2921"><counter type="INSTRUCTION" missed="1" covered="0"/><counter type="LINE" missed="1" covered="0"/><counter type="COMPLEXITY" missed="1" covered="0"/><counter type="METHOD" missed="1" covered="0"/></method><method name="getDependencyKey" desc="(Lorg/apache/maven/model/Dependency;)Ljava/lang/Object;" line="2925"><counter type="INSTRUCTION" missed="2" covered="0"/><counter type="LINE" missed="1" covered="0"/><counter type="COMPLEXITY" missed="1" covered="0"/><counter type="METHOD" missed="1" covered="0"/></method><method name="getPluginKey" desc="(Lorg/apache/maven/model/Plugin;)Ljava/lang/Object;" line="2930"><counter type="INSTRUCTION" missed="2" covered="0"/><counter type="LINE" missed="1" covered="0"/><counter type="COMPLEXITY" missed="1" covered="0"/><counter type="METHOD" missed="1" covered="0"/></method><method name="getPluginExecutionKey" desc="(Lorg/apache/maven/model/PluginExecution;)Ljava/lang/Object;" line="2935"><counter type="INSTRUCTION" missed="2" covered="0"/><counter type="LINE" missed="1" covered="0"/><counter type="COMPLEXITY" missed="1" covered="0"/><counter type="METHOD" missed="1" covered="0"/></method><method name="getReportPluginKey" desc="(Lorg/apache/maven/model/ReportPlugin;)Ljava/lang/Object;" line="2940"><counter type="INSTRUCTION" missed="2" covered="0"/><counter type="LINE" missed="1" covered="0"/><counter type="COMPLEXITY" missed="1" covered="0"/><counter type="METHOD" missed="1" covered="0"/></method><method name="getReportSetKey" desc="(Lorg/apache/maven/model/ReportSet;)Ljava/lang/Object;" line="2945"><counter type="INSTRUCTION" missed="2" covered="0"/><counter type="LINE" missed="1" covered="0"/><counter type="COMPLEXITY" missed="1" covered="0"/><counter type="METHOD" missed="1" covered="0"/></method><method name="getLicenseKey" desc="(Lorg/apache/maven/model/License;)Ljava/lang/Object;" line="2950"><counter type="INSTRUCTION" missed="2" covered="0"/><counter type="LINE" missed="1" covered="0"/><counter type="COMPLEXITY" missed="1" covered="0"/><counter type="METHOD" missed="1" covered="0"/></method><method name="getMailingListKey" desc="(Lorg/apache/maven/model/MailingList;)Ljava/lang/Object;" line="2955"><counter type="INSTRUCTION" missed="2" covered="0"/><counter type="LINE" missed="1" covered="0"/><counter type="COMPLEXITY" missed="1" covered="0"/><counter type="METHOD" missed="1" covered="0"/></method><method name="getDeveloperKey" desc="(Lorg/apache/maven/model/Developer;)Ljava/lang/Object;" line="2960"><counter type="INSTRUCTION" missed="2" covered="0"/><counter type="LINE" missed="1" covered="0"/><counter type="COMPLEXITY" missed="1" covered="0"/><counter type="METHOD" missed="1" covered="0"/></method><method name="getContributorKey" desc="(Lorg/apache/maven/model/Contributor;)Ljava/lang/Object;" line="2965"><counter type="INSTRUCTION" missed="2" covered="0"/><counter type="LINE" missed="1" covered="0"/><counter type="COMPLEXITY" missed="1" covered="0"/><counter type="METHOD" missed="1" covered="0"/></method><method name="getProfileKey" desc="(Lorg/apache/maven/model/Profile;)Ljava/lang/Object;" line="2970"><counter type="INSTRUCTION" missed="2" covered="0"/><counter type="LINE" missed="1" covered="0"/><counter type="COMPLEXITY" missed="1" covered="0"/><counter type="METHOD" missed="1" covered="0"/></method><method name="getRepositoryKey" desc="(Lorg/apache/maven/model/Repository;)Ljava/lang/Object;" line="2975"><counter type="INSTRUCTION" missed="4" covered="0"/><counter type="LINE" missed="1" covered="0"/><counter type="COMPLEXITY" missed="1" covered="0"/><counter type="METHOD" missed="1" covered="0"/></method><method name="getRepositoryBaseKey" desc="(Lorg/apache/maven/model/RepositoryBase;)Ljava/lang/Object;" line="2980"><counter type="INSTRUCTION" missed="2" covered="0"/><counter type="LINE" missed="1" covered="0"/><counter type="COMPLEXITY" missed="1" covered="0"/><counter type="METHOD" missed="1" covered="0"/></method><method name="getNotifierKey" desc="(Lorg/apache/ma
[...]
<line nr="2759" mi="8" ci="0" mb="0" cb="0"/><line nr="2763" mi="5" ci="0" mb="0" cb="0"/><line nr="2766" mi="1" ci="0" mb="0" cb="0"/><line nr="2767" mi="7" ci="0" mb="2" cb="0"/><line nr="2769" mi="6" ci="0" mb="0" cb="0"/><line nr="2771" mi="7" ci="0" mb="2" cb="0"/><line nr="2773" mi="8" ci="0" mb="0" cb="0"/><line nr="2775" mi="7" ci="0" mb="2" cb="0"/><line nr="2777" mi="6" ci="0" mb="0" cb="0"/><line nr="2781" mi="5" ci="0" mb="0" cb="0"/><line nr="2784" mi="2" ci="0" mb="0" cb="0"/><line nr="2799" mi="3" ci="0" mb="0" cb="0"/><line nr="2800" mi="4" ci="0" mb="0" cb="0"/><line nr="2801" mi="9" ci="0" mb="2" cb="0"/><line nr="2803" mi="4" ci="0" mb="0" cb="0"/><line nr="2804" mi="4" ci="0" mb="0" cb="0"/><line nr="2806" mi="5" ci="0" mb="2" cb="0"/><line nr="2812" mi="6" ci="0" mb="0" cb="0"/><line nr="2815" mi="4" ci="0" mb="0" cb="0"/><line nr="2816" mi="10" ci="0" mb="4" cb="0"/><line nr="2818" mi="7" ci="0" mb="2" cb="0"/><line nr="2820" mi="7" ci="0" mb="0" cb="0"/><line nr="2822" mi="7" ci="0" mb="2" cb="0"/><line nr="2824" mi="4" ci="0" mb="0" cb="0"/><line nr="2825" mi="3" ci="0" mb="0" cb="0"/><line nr="2826" mi="4" ci="0" mb="2" cb="0"/><line nr="2828" mi="5" ci="0" mb="2" cb="0"/><line nr="2830" mi="8" ci="0" mb="0" cb="0"/><line nr="2834" mi="5" ci="0" mb="0" cb="0"/><line nr="2837" mi="1" ci="0" mb="0" cb="0"/><line nr="2840" mi="5" ci="0" mb="0" cb="0"/><line nr="2843" mi="2" ci="0" mb="0" cb="0"/><line nr="2858" mi="3" ci="0" mb="0" cb="0"/><line nr="2859" mi="4" ci="0" mb="0" cb="0"/><line nr="2860" mi="9" ci="0" mb="2" cb="0"/><line nr="2862" mi="4" ci="0" mb="0" cb="0"/><line nr="2863" mi="4" ci="0" mb="0" cb="0"/><line nr="2865" mi="5" ci="0" mb="2" cb="0"/><line nr="2871" mi="6" ci="0" mb="0" cb="0"/><line nr="2874" mi="4" ci="0" mb="0" cb="0"/><line nr="2875" mi="10" ci="0" mb="4" cb="0"/><line nr="2877" mi="7" ci="0" mb="2" cb="0"/><line nr="2879" mi="4" ci="0" mb="0" cb="0"/><line nr="2880" mi="3" ci="0" mb="0" cb="0"/><line nr="2881" mi="4" ci="0" mb="2" cb="0"/><line nr="2883" mi="5" ci="0" mb="2" cb="0"/><line nr="2885" mi="8" ci="0" mb="0" cb="0"/><line nr="2889" mi="5" ci="0" mb="0" cb="0"/><line nr="2892" mi="1" ci="0" mb="0" cb="0"/><line nr="2895" mi="5" ci="0" mb="0" cb="0"/><line nr="2898" mi="2" ci="0" mb="0" cb="0"/><line nr="2913" mi="3" ci="0" mb="0" cb="0"/><line nr="2914" mi="4" ci="0" mb="0" cb="0"/><line nr="2915" mi="9" ci="0" mb="2" cb="0"/><line nr="2917" mi="4" ci="0" mb="0" cb="0"/><line nr="2918" mi="4" ci="0" mb="0" cb="0"/><line nr="2920" mi="5" ci="0" mb="2" cb="0"/><line nr="2926" mi="6" ci="0" mb="0" cb="0"/><line nr="2929" mi="4" ci="0" mb="0" cb="0"/><line nr="2930" mi="10" ci="0" mb="4" cb="0"/><line nr="2932" mi="7" ci="0" mb="2" cb="0"/><line nr="2934" mi="8" ci="0" mb="0" cb="0"/><line nr="2936" mi="7" ci="0" mb="2" cb="0"/><line nr="2938" mi="8" ci="0" mb="0" cb="0"/><line nr="2940" mi="7" ci="0" mb="2" cb="0"/><line nr="2942" mi="4" ci="0" mb="0" cb="0"/><line nr="2943" mi="3" ci="0" mb="0" cb="0"/><line nr="2944" mi="4" ci="0" mb="2" cb="0"/><line nr="2946" mi="5" ci="0" mb="2" cb="0"/><line nr="2948" mi="9" ci="0" mb="0" cb="0"/><line nr="2952" mi="5" ci="0" mb="0" cb="0"/><line nr="2955" mi="1" ci="0" mb="0" cb="0"/><line nr="2956" mi="7" ci="0" mb="2" cb="0"/><line nr="2958" mi="8" ci="0" mb="0" cb="0"/><line nr="2960" mi="7" ci="0" mb="2" cb="0"/><line nr="2962" mi="6" ci="0" mb="0" cb="0"/><line nr="2966" mi="5" ci="0" mb="0" cb="0"/><line nr="2969" mi="2" ci="0" mb="0" cb="0"/><line nr="2984" mi="3" ci="0" mb="0" cb="0"/><line nr="2985" mi="4" ci="0" mb="0" cb="0"/><line nr="2986" mi="9" ci="0" mb="2" cb="0"/><line nr="2988" mi="4" ci="0" mb="0" cb="0"/><line nr="2989" mi="4" ci="0" mb="0" cb="0"/><line nr="2991" mi="5" ci="0" mb="2" cb="0"/><line nr="2997" mi="6" ci="0" mb="0" cb="0"/><line nr="3000" mi="4" ci="0" mb="0" cb="0"/><line nr="3001" mi="10" ci="0" mb="4" cb="0"/><line nr="3003" mi="7" ci="0" mb="2" cb="0"/><line nr="3005" mi="4" ci="0" mb="0" cb="0"/><line nr="3006" mi="3" ci="0" mb="0" cb="0"/><line nr="3007" mi="4" ci="0" mb="2" cb="0"/><line nr="3009" mi="5" ci="0" mb="2" cb="0"/><line nr="3011" mi="8" ci="0" mb="0" cb="0"/><line nr="3015" mi="5" ci="0" mb="0" cb="0"/><line nr="3018" mi="1" ci="0" mb="0" cb="0"/><line nr="3021" mi="5" ci="0" mb="0" cb="0"/><line nr="3024" mi="2" ci="0" mb="0" cb="0"/><line nr="3039" mi="3" ci="0" mb="0" cb="0"/><line nr="3040" mi="4" ci="0" mb="0" cb="0"/><line nr="3041" mi="9" ci="0" mb="2" cb="0"/><line nr="3043" mi="4" ci="0" mb="0" cb="0"/><line nr="3044" mi="4" ci="0" mb="0" cb="0"/><line nr="3046" mi="5" ci="0" mb="2" cb="0"/><line nr="3052" mi="6" ci="0" mb="0" cb="0"/><line nr="3055" mi="4" ci="0" mb="0" cb="0"/><line nr="3056" mi="10" ci="0" mb="4" cb="0"/><line nr="3058" mi="7" ci="0" mb="2" cb="0"/><line nr="3060" mi="8" ci="0" mb="0" cb="0"/><line nr="3064" mi="5" ci="0" mb="0" cb="0"/><line nr="3067" mi="2" ci="0" mb="0" cb="0"/><line nr="3082" mi="3" ci="0" mb="0" cb="0"/><line nr="3083" mi="4" ci="0" mb="0" cb="0"/><line nr="3084" mi="9" ci="0" mb="2" cb="0"/><line nr="3086" mi="4" ci="0" mb="0" cb="0"/><line nr="3087" mi="4" ci="0" mb="0" cb="0"/><line nr="3089" mi="5" ci="0" mb="2" cb="0"/><line nr="3095" mi="6" ci="0" mb="0" cb="0"/><line nr="3098" mi="4" ci="0" mb="0" cb="0"/><line nr="3099" mi="10" ci="0" mb="4" cb="0"/><line nr="3101" mi="7" ci="0" mb="2" cb="0"/><line nr="3103" mi="8" ci="0" mb="0" cb="0"/><line nr="3105" mi="7" ci="0" mb="2" cb="0"/><line nr="3107" mi="7" ci="0" mb="0" cb="0"/><line nr="3109" mi="7" ci="0" mb="2" cb="0"/><line nr="3111" mi="7" ci="0" mb="0" cb="0"/><line nr="3113" mi="7" ci="0" mb="2" cb="0"/><line nr="3115" mi="4" ci="0" mb="0" cb="0"/><line nr="3116" mi="3" ci="0" mb="0" cb="0"/><line nr="3117" mi="4" ci="0" mb="2" cb="0"/><line nr="3119" mi="5" ci="0" mb="2" cb="0"/><line nr="3121" mi="9" ci="0" mb="0" cb="0"/><line nr="3125" mi="5" ci="0" mb="0" cb="0"/><line nr="3128" mi="1" ci="0" mb="0" cb="0"/><line nr="3129" mi="7" ci="0" mb="2" cb="0"/><line nr="3131" mi="7" ci="0" mb="0" cb="0"/><line nr="3133" mi="7" ci="0" mb="2" cb="0"/><line nr="3135" mi="4" ci="0" mb="2" cb="0"/><line nr="3137" mi="3" ci="0" mb="0" cb="0"/><line nr="3138" mi="4" ci="0" mb="0" cb="0"/><line nr="3139" mi="4" ci="0" mb="0" cb="0"/><line nr="3140" mi="1" ci="0" mb="0" cb="0"/><line nr="3142" mi="7" ci="0" mb="2" cb="0"/><line nr="3144" mi="7" ci="0" mb="0" cb="0"/><line nr="3146" mi="7" ci="0" mb="2" cb="0"/><line nr="3148" mi="4" ci="0" mb="0" cb="0"/><line nr="3149" mi="3" ci="0" mb="0" cb="0"/><line nr="3150" mi="4" ci="0" mb="2" cb="0"/><line nr="3152" mi="5" ci="0" mb="2" cb="0"/><line nr="3154" mi="8" ci="0" mb="0" cb="0"/><line nr="3158" mi="5" ci="0" mb="0" cb="0"/><line nr="3161" mi="1" ci="0" mb="0" cb="0"/><line nr="3162" mi="7" ci="0" mb="2" cb="0"/><line nr="3164" mi="4" ci="0" mb="0" cb="0"/><line nr="3165" mi="3" ci="0" mb="0" cb="0"/><line nr="3166" mi="4" ci="0" mb="2" cb="0"/><line nr="3168" mi="5" ci="0" mb="2" cb="0"/><line nr="3170" mi="8" ci="0" mb="0" cb="0"/><line nr="3174" mi="5" ci="0" mb="0" cb="0"/><line nr="3177" mi="1" ci="0" mb="0" cb="0"/><line nr="3178" mi="7" ci="0" mb="2" cb="0"/><line nr="3180" mi="4" ci="0" mb="0" cb="0"/><line nr="3181" mi="3" ci="0" mb="0" cb="0"/><line nr="3182" mi="4" ci="0" mb="2" cb="0"/><line nr="3184" mi="5" ci="0" mb="2" cb="0"/><line nr="3186" mi="8" ci="0" mb="0" cb="0"/><line nr="3190" mi="5" ci="0" mb="0" cb="0"/><line nr="3193" mi="1" ci="0" mb="0" cb="0"/><line nr="3194" mi="7" ci="0" mb="2" cb="0"/><line nr="3196" mi="6" ci="0" mb="0" cb="0"/><line nr="3198" mi="7" ci="0" mb="2" cb="0"/><line nr="3200" mi="7" ci="0" mb="0" cb="0"/><line nr="3204" mi="5" ci="0" mb="0" cb="0"/><line nr="3207" mi="2" ci="0" mb="0" cb="0"/><line nr="3222" mi="3" ci="0" mb="0" cb="0"/><line nr="3223" mi="4" ci="0" mb="0" cb="0"/><line nr="3224" mi="9" ci="0" mb="2" cb="0"/><line nr="3226" mi="4" ci="0" mb="0" cb="0"/><line nr="3227" mi="4" ci="0" mb="0" cb="0"/><line nr="3229" mi="5" ci="0" mb="2" cb="0"/><line nr="3235" mi="6" ci="0" mb="0" cb="0"/><line nr="3238" mi="4" ci="0" mb="0" cb="0"/><line nr="3239" mi="10" ci="0" mb="4" cb="0"/><line nr="3241" mi="7" ci="0" mb="2" cb="0"/><line nr="3243" mi="8" ci="0" mb="0" cb="0"/><line nr="3245" mi="7" ci="0" mb="2" cb="0"/><line nr="3247" mi="8" ci="0" mb="0" cb="0"/><line nr="3249" mi="7" ci="0" mb="2" cb="0"/><line nr="3251" mi="8" ci="0" mb="0" cb="0"/><line nr="3253" mi="7" ci="0" mb="2" cb="0"/><line nr="3255" mi="8" ci="0" mb="0" cb="0"/><line nr="3259" mi="5" ci="0" mb="0" cb="0"/><line nr="3262" mi="2" ci="0" mb="0" cb="0"/><line nr="3277" mi="3" ci="0" mb="0" cb="0"/><line nr="3278" mi="4" ci="0" mb="0" cb="0"/><line nr="3279" mi="9" ci="0" mb="2" cb="0"/><line nr="3281" mi="4" ci="0" mb="0" cb="0"/><line nr="3282" mi="4" ci="0" mb="0" cb="0"/><line nr="3284" mi="5" ci="0" mb="2" cb="0"/><line nr="3290" mi="6" ci="0" mb="0" cb="0"/><line nr="3293" mi="4" ci="0" mb="0" cb="0"/><line nr="3294" mi="10" ci="0" mb="4" cb="0"/><line nr="3296" mi="7" ci="0" mb="2" cb="0"/><line nr="3298" mi="8" ci="0" mb="0" cb="0"/><line nr="3300" mi="7" ci="0" mb="2" cb="0"/><line nr="3302" mi="8" ci="0" mb="0" cb="0"/><line nr="3304" mi="7" ci="0" mb="2" cb="0"/><line nr="3306" mi="8" ci="0" mb="0" cb="0"/><line nr="3308" mi="7" ci="0" mb="2" cb="0"/><line nr="3310" mi="4" ci="0" mb="0" cb="0"/><line nr="3311" mi="3" ci="0" mb="0" cb="0"/><line nr="3312" mi="4" ci="0" mb="2" cb="0"/><line nr="3314" mi="5" ci="0" mb="2" cb="0"/><line nr="3316" mi="8" ci="0" mb="0" cb="0"/><line nr="3320" mi="5" ci="0" mb="0" cb="0"/><line nr="3323" mi="1" ci="0" mb="0" cb="0"/><line nr="3324" mi="7" ci="0" mb="2" cb="0"/><line nr="3326" mi="8" ci="0" mb="0" cb="0"/><line nr="3328" mi="7" ci="0" mb="2" cb="0"/><line nr="3330" mi="6" ci="0" mb="0" cb="0"/><line nr="3334" mi="5" ci="0" mb="0" cb="0"/><line nr="3337" mi="2" ci="0" mb="0" cb="0"/><line nr="3352" mi="3" ci="0" mb="0" cb="0"/><line nr="3353" mi="4" ci="0" mb="0" cb="0"/><line nr="3354" mi="9" ci="0" mb="2" cb="0"/><line nr="3356" mi="4" ci="0" mb="0" cb="0"/><line nr="3357" mi="4" ci="0" mb="0" cb="0"/><line nr="3359" mi="5" ci="0" mb="2" cb="0"/><line nr="3365" mi="6" ci="0" mb="0" cb="0"/><line nr="3368" mi="4" ci="0" mb="0" cb="0"/><line nr="3369" mi="10" ci="0" mb="4" cb="0"/><line nr="3371" mi="7" ci="0" mb="2" cb="0"/><line nr="3373" mi="8" ci="0" mb="0" cb="0"/><line nr="3375" mi="7" ci="0" mb="2" cb="0"/><line nr="3377" mi="4" ci="0" mb="0" cb="0"/><line nr="3378" mi="3" ci="0" mb="0" cb="0"/><line nr="3379" mi="4" ci="0" mb="2" cb="0"/><line nr="3381" mi="5" ci="0" mb="2" cb="0"/><line nr="3383" mi="9" ci="0" mb="0" cb="0"/><line nr="3387" mi="5" ci="0" mb="0" cb="0"/><line nr="3390" mi="1" ci="0" mb="0" cb="0"/><line nr="3391" mi="7" ci="0" mb="2" cb="0"/><line nr="3393" mi="8" ci="0" mb="0" cb="0"/><line nr="3395" mi="7" ci="0" mb="2" cb="0"/><line nr="3397" mi="6" ci="0" mb="0" cb="0"/><line nr="3401" mi="5" ci="0" mb="0" cb="0"/><line nr="3404" mi="2" ci="0" mb="0" cb="0"/><line nr="3419" mi="3" ci="0" mb="0" cb="0"/><line nr="3420" mi="4" ci="0" mb="0" cb="0"/><line nr="3421" mi="9" ci="0" mb="2" cb="0"/><line nr="3423" mi="4" ci="0" mb="0" cb="0"/><line nr="3424" mi="4" ci="0" mb="0" cb="0"/><line nr="3426" mi="5" ci="0" mb="2" cb="0"/><line nr="3432" mi="6" ci="0" mb="0" cb="0"/><line nr="3435" mi="4" ci="0" mb="0" cb="0"/><line nr="3436" mi="10" ci="0" mb="4" cb="0"/><line nr="3438" mi="7" ci="0" mb="2" cb="0"/><line nr="3440" mi="8" ci="0" mb="0" cb="0"/><line nr="3442" mi="7" ci="0" mb="2" cb="0"/><line nr="3444" mi="8" ci="0" mb="0" cb="0"/><line nr="3446" mi="7" ci="0" mb="2" cb="0"/><line nr="3448" mi="4" ci="0" mb="0" cb="0"/><line nr="3449" mi="3" ci="0" mb="0" cb="0"/><line nr="3450" mi="4" ci="0" mb="2" cb="0"/><line nr="3452" mi="5" ci="0" mb="2" cb="0"/><line nr="3454" mi="8" ci="0" mb="0" cb="0"/><line nr="3458" mi="5" ci="0" mb="0" cb="0"/><line nr="3461" mi="1" ci="0" mb="0" cb="0"/><line nr="3464" mi="5" ci="0" mb="0" cb="0"/><line nr="3467" mi="2" ci="0" mb="0" cb="0"/><line nr="3482" mi="3" ci="0" mb="0" cb="0"/><line nr="3483" mi="4" ci="0" mb="0" cb="0"/><line nr="3484" mi="9" ci="0" mb="2" cb="0"/><line nr="3486" mi="4" ci="0" mb="0" cb="0"/><line nr="3487" mi="4" ci="0" mb="0" cb="0"/><line nr="3489" mi="5" ci="0" mb="2" cb="0"/><line nr="3495" mi="6" ci="0" mb="0" cb="0"/><line nr="3498" mi="4" ci="0" mb="0" cb="0"/><line nr="3499" mi="10" ci="0" mb="4" cb="0"/><line nr="3501" mi="7" ci="0" mb="2" cb="0"/><line nr="3503" mi="7" ci="0" mb="0" cb="0"/><line nr="3505" mi="7" ci="0" mb="2" cb="0"/><line nr="3507" mi="7" ci="0" mb="0" cb="0"/><line nr="3509" mi="7" ci="0" mb="2" cb="0"/><line nr="3511" mi="8" ci="0" mb="0" cb="0"/><line nr="3513" mi="7" ci="0" mb="2" cb="0"/><line nr="3515" mi="8" ci="0" mb="0" cb="0"/><line nr="3517" mi="7" ci="0" mb="2" cb="0"/><line nr="3519" mi="8" ci="0" mb="0" cb="0"/><line nr="3521" mi="7" ci="0" mb="2" cb="0"/><line nr="3523" mi="8" ci="0" mb="0" cb="0"/><line nr="3527" mi="5" ci="0" mb="0" cb="0"/><line nr="3530" mi="2" ci="0" mb="0" cb="0"/><line nr="3545" mi="3" ci="0" mb="0" cb="0"/><line nr="3546" mi="4" ci="0" mb="0" cb="0"/><line nr="3547" mi="9" ci="0" mb="2" cb="0"/><line nr="3549" mi="4" ci="0" mb="0" cb="0"/><line nr="3550" mi="4" ci="0" mb="0" cb="0"/><line nr="3552" mi="5" ci="0" mb="2" cb="0"/><line nr="3558" mi="6" ci="0" mb="0" cb="0"/><line nr="3561" mi="4" ci="0" mb="0" cb="0"/><line nr="3562" mi="10" ci="0" mb="4" cb="0"/><line nr="3564" mi="7" ci="0" mb="2" cb="0"/><line nr="3566" mi="8" ci="0" mb="0" cb="0"/><line nr="3568" mi="7" ci="0" mb="2" cb="0"/><line nr="3570" mi="8" ci="0" mb="0" cb="0"/><line nr="3572" mi="7" ci="0" mb="2" cb="0"/><line nr="3574" mi="8" ci="0" mb="0" cb="0"/><line nr="3576" mi="7" ci="0" mb="2" cb="0"/><line nr="3578" mi="8" ci="0" mb="0" cb="0"/><line nr="3582" mi="5" ci="0" mb="0" cb="0"/><line nr="3585" mi="2" ci="0" mb="0" cb="0"/><line nr="3600" mi="3" ci="0" mb="0" cb="0"/><line nr="3601" mi="4" ci="0" mb="0" cb="0"/><line nr="3602" mi="9" ci="0" mb="2" cb="0"/><line nr="3604" mi="4" ci="0" mb="0" cb="0"/><line nr="3605" mi="4" ci="0" mb="0" cb="0"/><line nr="3607" mi="5" ci="0" mb="2" cb="0"/><line nr="3613" mi="6" ci="0" mb="0" cb="0"/><line nr="3616" mi="4" ci="0" mb="0" cb="0"/><line nr="3617" mi="10" ci="0" mb="4" cb="0"/><line nr="3619" mi="7" ci="0" mb="2" cb="0"/><line nr="3621" mi="8" ci="0" mb="0" cb="0"/><line nr="3623" mi="7" ci="0" mb="2" cb="0"/><line nr="3625" mi="8" ci="0" mb="0" cb="0"/><line nr="3627" mi="7" ci="0" mb="2" cb="0"/><line nr="3629" mi="8" ci="0" mb="0" cb="0"/><line nr="3633" mi="5" ci="0" mb="0" cb="0"/><line nr="3636" mi="2" ci="0" mb="0" cb="0"/><line nr="3651" mi="3" ci="0" mb="0" cb="0"/><line nr="3652" mi="4" ci="0" mb="0" cb="0"/><line nr="3653" mi="9" ci="0" mb="2" cb="0"/><line nr="3655" mi="4" ci="0" mb="0" cb="0"/><line nr="3656" mi="4" ci="0" mb="0" cb="0"/><line nr="3658" mi="5" ci="0" mb="2" cb="0"/><line nr="3664" mi="6" ci="0" mb="0" cb="0"/><line nr="3667" mi="4" ci="0" mb="0" cb="0"/><line nr="3668" mi="10" ci="0" mb="4" cb="0"/><line nr="3670" mi="7" ci="0" mb="2" cb="0"/><line nr="3672" mi="8" ci="0" mb="0" cb="0"/><line nr="3674" mi="7" ci="0" mb="2" cb="0"/><line nr="3676" mi="8" ci="0" mb="0" cb="0"/><line nr="3678" mi="7" ci="0" mb="2" cb="0"/><line nr="3680" mi="8" ci="0" mb="0" cb="0"/><line nr="3682" mi="7" ci="0" mb="2" cb="0"/><line nr="3684" mi="4" ci="0" mb="0" cb="0"/><line nr="3685" mi="3" ci="0" mb="0" cb="0"/><line nr="3686" mi="4" ci="0" mb="2" cb="0"/><line nr="3688" mi="5" ci="0" mb="2" cb="0"/><line nr="3690" mi="9" ci="0" mb="0" cb="0"/><line nr="3694" mi="5" ci="0" mb="0" cb="0"/><line nr="3697" mi="1" ci="0" mb="0" cb="0"/><line nr="3698" mi="7" ci="0" mb="2" cb="0"/><line nr="3700" mi="4" ci="0" mb="0" cb="0"/><line nr="3701" mi="3" ci="0" mb="0" cb="0"/><line nr="3702" mi="4" ci="0" mb="2" cb="0"/><line nr="3704" mi="5" ci="0" mb="2" cb="0"/><line nr="3706" mi="9" ci="0" mb="0" cb="0"/><line nr="3710" mi="5" ci="0" mb="0" cb="0"/><line nr="3713" mi="1" ci="0" mb="0" cb="0"/><line nr="3716" mi="5" ci="0" mb="0" cb="0"/><line nr="3719" mi="2" ci="0" mb="0" cb="0"/><line nr="3734" mi="3" ci="0" mb="0" cb="0"/><line nr="3735" mi="4" ci="0" mb="0" cb="0"/><line nr="3736" mi="9" ci="0" mb="2" cb="0"/><line nr="3738" mi="4" ci="0" mb="0" cb="0"/><line nr="3739" mi="4" ci="0" mb="0" cb="0"/><line nr="3741" mi="5" ci="0" mb="2" cb="0"/><line nr="3745" mi="4" ci="0" mb="2" cb="0"/><line nr="3747" mi="7" ci="0" mb="0" cb="0"/><line nr="3749" mi="4" ci="0" mb="2" cb="0"/><line nr="3751" mi="7" ci="0" mb="0" cb="0"/><line nr="3753" mi="4" ci="0" mb="2" cb="0"/><line nr="3755" mi="7" ci="0" mb="0" cb="0"/><line nr="3759" mi="6" ci="0" mb="0" cb="0"/><line nr="3762" mi="4" ci="0" mb="0" cb="0"/><line nr="3763" mi="10" ci="0" mb="4" cb="0"/><line nr="3765" mi="7" ci="0" mb="2" cb="0"/><line nr="3767" mi="8" ci="0" mb="0" cb="0"/><line nr="3769" mi="7" ci="0" mb="2" cb="0"/><line nr="3771" mi="8" ci="0" mb="0" cb="0"/><line nr="3773" mi="7" ci="0" mb="2" cb="0"/><line nr="3775" mi="8" ci="0" mb="0" cb="0"/><line nr="3777" mi="7" ci="0" mb="2" cb="0"/><line nr="3779" mi="8" ci="0" mb="0" cb="0"/><line nr="3783" mi="5" ci="0" mb="0" cb="0"/><line nr="3786" mi="2" ci="0" mb="0" cb="0"/><line nr="3801" mi="3" ci="0" mb="0" cb="0"/><line nr="3802" mi="4" ci="0" mb="0" cb="0"/><line nr="3803" mi="9" ci="0" mb="2" cb="0"/><line nr="3805" mi="4" ci="0" mb="0" cb="0"/><line nr="3806" mi="4" ci="0" mb="0" cb="0"/><line nr="3808" mi="5" ci="0" mb="2" cb="0"/><line nr="3812" mi="4" ci="0" mb="2" cb="0"/><line nr="3814" mi="7" ci="0" mb="0" cb="0"/><line nr="3818" mi="6" ci="0" mb="0" cb="0"/><line nr="3821" mi="4" ci="0" mb="0" cb="0"/><line nr="3822" mi="10" ci="0" mb="4" cb="0"/><line nr="3824" mi="7" ci="0" mb="2" cb="0"/><line nr="3826" mi="8" ci="0" mb="0" cb="0"/><line nr="3828" mi="7" ci="0" mb="2" cb="0"/><line nr="3830" mi="8" ci="0" mb="0" cb="0"/><line nr="3832" mi="7" ci="0" mb="2" cb="0"/><line nr="3834" mi="8" ci="0" mb="0" cb="0"/><line nr="3838" mi="5" ci="0" mb="0" cb="0"/><line nr="3841" mi="2" ci="0" mb="0" cb="0"/><line nr="3856" mi="2" ci="0" mb="0" cb="0"/><line nr="3857" mi="3" ci="0" mb="0" cb="0"/><line nr="3858" mi="2" ci="0" mb="0" cb="0"/><line nr="3859" mi="3" ci="0" mb="2" cb="0"/><line nr="3861" mi="3" ci="0" mb="2" cb="0"/><line nr="3863" mi="7" ci="0" mb="4" cb="0"/><line nr="3865" mi="17" ci="0" mb="0" cb="0"/><line nr="3867" mi="2" ci="0" mb="2" cb="0"/><line nr="3870" mi="7" ci="0" mb="0" cb="0"/><line nr="3872" mi="5" ci="0" mb="0" cb="0"/><line nr="3873" mi="4" ci="0" mb="0" cb="0"/><line nr="3874" mi="2" ci="0" mb="0" cb="0"/><line nr="3876" mi="4" ci="0" mb="0" cb="0"/><line nr="3878" mi="2" ci="0" mb="2" cb="0"/><line nr="3880" mi="2" ci="0" mb="0" cb="0"/><line nr="3882" mi="7" ci="0" mb="0" cb="0"/><line nr="3892" mi="3" ci="0" mb="0" cb="0"/><line nr="3893" mi="1" ci="0" mb="0" cb="0"/><counter type="INSTRUCTION" missed="7499" covered="0"/><counter type="BRANCH" missed="1090" covered="0"/><counter type="LINE" missed="1368" covered="0"/><counter type="COMPLEXITY" missed="617" covered="0"/><counter type="METHOD" missed="72" covered="0"/><counter type="CLASS" missed="2" covered="0"/></sourcefile><counter type="INSTRUCTION" missed="29005" covered="0"/><counter type="BRANCH" missed="3608" covered="0"/><counter type="LINE" missed="5207" covered="0"/><counter type="COMPLEXITY" missed="2048" covered="0"/><counter type="METHOD" missed="244" covered="0"/><counter type="CLASS" missed="7" covered="0"/></package><counter type="INSTRUCTION" missed="39877" covered="705"/><counter type="BRANCH" missed="5055" covered="33"/><counter type="LINE" missed="8063" covered="169"/><counter type="COMPLEXITY" missed="3541" covered="92"/><counter type="METHOD" missed="1003" covered="86"/><counter type="CLASS" missed="11" covered="43"/></report>